{"/home/travis/build/npmtest/node-npmtest-grunt-phantomas/test.js":{"path":"/home/travis/build/npmtest/node-npmtest-grunt-phantomas/test.js","s":{"1":2,"2":2,"3":2,"4":2,"5":2,"6":2,"7":2,"8":1,"9":2,"10":2,"11":1,"12":1,"13":1,"14":1,"15":2,"16":2,"17":2,"18":2,"19":1,"20":1,"21":2,"22":2,"23":2,"24":1,"25":1,"26":1,"27":1,"28":1,"29":1,"30":1,"31":1,"32":1,"33":1,"34":1,"35":1,"36":1,"37":1,"38":1,"39":2,"40":2,"41":1,"42":2,"43":2,"44":1,"45":2,"46":2,"47":1,"48":2,"49":2,"50":1,"51":1,"52":1,"53":1,"54":1},"b":{"1":[2,1,1,1],"2":[1,1,1,1],"3":[1,1],"4":[1,1],"5":[1,1],"6":[1,1],"7":[1,1],"8":[1,1],"9":[1,1],"10":[1,1,1],"11":[1,1],"12":[1,1],"13":[1,1],"14":[1,1],"15":[1,1],"16":[1,1],"17":[1,1]},"f":{"1":2,"2":2,"3":2,"4":2,"5":2,"6":1,"7":1,"8":1,"9":2,"10":2,"11":2,"12":2,"13":1},"fnMap":{"1":{"name":"(anonymous_1)","line":12,"loc":{"start":{"line":12,"column":1},"end":{"line":12,"column":13}}},"2":{"name":"(anonymous_2)","line":19,"loc":{"start":{"line":19,"column":5},"end":{"line":19,"column":17}}},"3":{"name":"(anonymous_3)","line":23,"loc":{"start":{"line":23,"column":24},"end":{"line":23,"column":36}}},"4":{"name":"(anonymous_4)","line":61,"loc":{"start":{"line":61,"column":5},"end":{"line":61,"column":17}}},"5":{"name":"(anonymous_5)","line":82,"loc":{"start":{"line":82,"column":5},"end":{"line":82,"column":17}}},"6":{"name":"(anonymous_6)","line":91,"loc":{"start":{"line":91,"column":77},"end":{"line":94,"column":10}}},"7":{"name":"(anonymous_7)","line":112,"loc":{"start":{"line":112,"column":83},"end":{"line":115,"column":10}},"skip":true},"8":{"name":"(anonymous_8)","line":123,"loc":{"start":{"line":123,"column":77},"end":{"line":126,"column":10}},"skip":true},"9":{"name":"(anonymous_9)","line":139,"loc":{"start":{"line":139,"column":12},"end":{"line":139,"column":40}},"skip":true},"10":{"name":"(anonymous_10)","line":147,"loc":{"start":{"line":147,"column":77},"end":{"line":150,"column":10}},"skip":true},"11":{"name":"(anonymous_11)","line":158,"loc":{"start":{"line":158,"column":83},"end":{"line":161,"column":10}},"skip":true},"12":{"name":"(anonymous_12)","line":169,"loc":{"start":{"line":169,"column":79},"end":{"line":172,"column":10}},"skip":true},"13":{"name":"(anonymous_13)","line":180,"loc":{"start":{"line":180,"column":75},"end":{"line":183,"column":10}},"skip":true}},"statementMap":{"1":{"start":{"line":12,"column":0},"end":{"line":195,"column":5}},"2":{"start":{"line":14,"column":4},"end":{"line":14,"column":14}},"3":{"start":{"line":19,"column":4},"end":{"line":56,"column":9}},"4":{"start":{"line":21,"column":8},"end":{"line":21,"column":19}},"5":{"start":{"line":23,"column":8},"end":{"line":35,"column":13}},"6":{"start":{"line":24,"column":12},"end":{"line":34,"column":13}},"7":{"start":{"line":25,"column":16},"end":{"line":28,"column":30}},"8":{"start":{"line":30,"column":16},"end":{"line":33,"column":27}},"9":{"start":{"line":37,"column":8},"end":{"line":39,"column":21}},"10":{"start":{"line":40,"column":8},"end":{"line":53,"column":9}},"11":{"start":{"line":43,"column":12},"end":{"line":46,"column":14}},"12":{"start":{"line":47,"column":12},"end":{"line":47,"column":18}},"13":{"start":{"line":50,"column":12},"end":{"line":51,"column":33}},"14":{"start":{"line":52,"column":12},"end":{"line":52,"column":18}},"15":{"start":{"line":55,"column":8},"end":{"line":55,"column":35}},"16":{"start":{"line":61,"column":4},"end":{"line":63,"column":9}},"17":{"start":{"line":62,"column":8},"end":{"line":62,"column":15}},"18":{"start":{"line":64,"column":4},"end":{"line":77,"column":5}},"19":{"start":{"line":70,"column":8},"end":{"line":70,"column":14}},"20":{"start":{"line":76,"column":8},"end":{"line":76,"column":14}},"21":{"start":{"line":82,"column":4},"end":{"line":84,"column":9}},"22":{"start":{"line":83,"column":8},"end":{"line":83,"column":15}},"23":{"start":{"line":85,"column":4},"end":{"line":194,"column":5}},"24":{"start":{"line":91,"column":8},"end":{"line":99,"column":10}},"25":{"start":{"line":98,"column":12},"end":{"line":98,"column":35}},"26":{"start":{"line":102,"column":8},"end":{"line":104,"column":63}},"27":{"start":{"line":105,"column":8},"end":{"line":105,"column":14}},"28":{"start":{"line":112,"column":8},"end":{"line":121,"column":10},"skip":true},"29":{"start":{"line":119,"column":12},"end":{"line":119,"column":55},"skip":true},"30":{"start":{"line":120,"column":12},"end":{"line":120,"column":48},"skip":true},"31":{"start":{"line":123,"column":8},"end":{"line":136,"column":10},"skip":true},"32":{"start":{"line":130,"column":12},"end":{"line":130,"column":76},"skip":true},"33":{"start":{"line":131,"column":12},"end":{"line":131,"column":73},"skip":true},"34":{"start":{"line":132,"column":12},"end":{"line":132,"column":74},"skip":true},"35":{"start":{"line":133,"column":12},"end":{"line":133,"column":79},"skip":true},"36":{"start":{"line":134,"column":12},"end":{"line":134,"column":25},"skip":true},"37":{"start":{"line":135,"column":12},"end":{"line":135,"column":45},"skip":true},"38":{"start":{"line":138,"column":8},"end":{"line":145,"column":14},"skip":true},"39":{"start":{"line":143,"column":16},"end":{"line":143,"column":29},"skip":true},"40":{"start":{"line":144,"column":16},"end":{"line":144,"column":55},"skip":true},"41":{"start":{"line":147,"column":8},"end":{"line":156,"column":10},"skip":true},"42":{"start":{"line":154,"column":12},"end":{"line":154,"column":25},"skip":true},"43":{"start":{"line":155,"column":12},"end":{"line":155,"column":45},"skip":true},"44":{"start":{"line":158,"column":8},"end":{"line":167,"column":10},"skip":true},"45":{"start":{"line":165,"column":12},"end":{"line":165,"column":25},"skip":true},"46":{"start":{"line":166,"column":12},"end":{"line":166,"column":48},"skip":true},"47":{"start":{"line":169,"column":8},"end":{"line":178,"column":10},"skip":true},"48":{"start":{"line":176,"column":12},"end":{"line":176,"column":25},"skip":true},"49":{"start":{"line":177,"column":12},"end":{"line":177,"column":46},"skip":true},"50":{"start":{"line":180,"column":8},"end":{"line":189,"column":10},"skip":true},"51":{"start":{"line":187,"column":12},"end":{"line":187,"column":94},"skip":true},"52":{"start":{"line":188,"column":12},"end":{"line":188,"column":48},"skip":true},"53":{"start":{"line":192,"column":8},"end":{"line":192,"column":35},"skip":true},"54":{"start":{"line":193,"column":8},"end":{"line":193,"column":14},"skip":true}},"branchMap":{"1":{"line":25,"type":"binary-expr","locations":[{"start":{"line":25,"column":23},"end":{"line":25,"column":62}},{"start":{"line":26,"column":20},"end":{"line":26,"column":70}},{"start":{"line":27,"column":20},"end":{"line":27,"column":71}},{"start":{"line":28,"column":20},"end":{"line":28,"column":29}}]},"2":{"line":30,"type":"binary-expr","locations":[{"start":{"line":30,"column":23},"end":{"line":30,"column":37}},{"start":{"line":31,"column":20},"end":{"line":31,"column":61}},{"start":{"line":32,"column":20},"end":{"line":32,"column":70}},{"start":{"line":33,"column":20},"end":{"line":33,"column":26}}]},"3":{"line":37,"type":"cond-expr","locations":[{"start":{"line":38,"column":14},"end":{"line":38,"column":20}},{"start":{"line":39,"column":14},"end":{"line":39,"column":20}}]},"4":{"line":40,"type":"switch","locations":[{"start":{"line":42,"column":8},"end":{"line":47,"column":18}},{"start":{"line":49,"column":8},"end":{"line":52,"column":18}}]},"5":{"line":44,"type":"binary-expr","locations":[{"start":{"line":44,"column":16},"end":{"line":44,"column":44}},{"start":{"line":44,"column":48},"end":{"line":44,"column":66}}]},"6":{"line":50,"type":"binary-expr","locations":[{"start":{"line":50,"column":21},"end":{"line":50,"column":49}},{"start":{"line":50,"column":53},"end":{"line":50,"column":72}}]},"7":{"line":64,"type":"switch","locations":[{"start":{"line":69,"column":4},"end":{"line":70,"column":14}},{"start":{"line":75,"column":4},"end":{"line":76,"column":14}}]},"8":{"line":85,"type":"switch","locations":[{"start":{"line":90,"column":4},"end":{"line":105,"column":14}},{"start":{"line":111,"column":4},"end":{"line":193,"column":14},"skip":true}]},"9":{"line":91,"type":"binary-expr","locations":[{"start":{"line":91,"column":42},"end":{"line":91,"column":73}},{"start":{"line":91,"column":77},"end":{"line":99,"column":9}}]},"10":{"line":102,"type":"binary-expr","locations":[{"start":{"line":102,"column":18},"end":{"line":102,"column":32}},{"start":{"line":103,"column":12},"end":{"line":103,"column":53}},{"start":{"line":104,"column":12},"end":{"line":104,"column":61}}]},"11":{"line":112,"type":"binary-expr","locations":[{"start":{"line":112,"column":45},"end":{"line":112,"column":79},"skip":true},{"start":{"line":112,"column":83},"end":{"line":121,"column":9},"skip":true}]},"12":{"line":123,"type":"binary-expr","locations":[{"start":{"line":123,"column":42},"end":{"line":123,"column":73},"skip":true},{"start":{"line":123,"column":77},"end":{"line":136,"column":9},"skip":true}]},"13":{"line":138,"type":"binary-expr","locations":[{"start":{"line":138,"column":48},"end":{"line":138,"column":85},"skip":true},{"start":{"line":139,"column":12},"end":{"line":145,"column":13},"skip":true}]},"14":{"line":147,"type":"binary-expr","locations":[{"start":{"line":147,"column":42},"end":{"line":147,"column":73},"skip":true},{"start":{"line":147,"column":77},"end":{"line":156,"column":9},"skip":true}]},"15":{"line":158,"type":"binary-expr","locations":[{"start":{"line":158,"column":45},"end":{"line":158,"column":79},"skip":true},{"start":{"line":158,"column":83},"end":{"line":167,"column":9},"skip":true}]},"16":{"line":169,"type":"binary-expr","locations":[{"start":{"line":169,"column":43},"end":{"line":169,"column":75},"skip":true},{"start":{"line":169,"column":79},"end":{"line":178,"column":9},"skip":true}]},"17":{"line":180,"type":"binary-expr","locations":[{"start":{"line":180,"column":41},"end":{"line":180,"column":71},"skip":true},{"start":{"line":180,"column":75},"end":{"line":189,"column":9},"skip":true}]}},"code":["/* istanbul instrument in package npmtest_grunt_phantomas */","/*jslint","    bitwise: true,","    browser: true,","    maxerr: 8,","    maxlen: 96,","    node: true,","    nomen: true,","    regexp: true,","    stupid: true","*/","(function () {","    'use strict';","    var local;","","","","    // run shared js-env code - pre-init","    (function () {","        // init local","        local = {};","        // init modeJs","        local.modeJs = (function () {","            try {","                return typeof navigator.userAgent === 'string' &&","                    typeof document.querySelector('body') === 'object' &&","                    typeof XMLHttpRequest.prototype.open === 'function' &&","                    'browser';","            } catch (errorCaughtBrowser) {","                return module.exports &&","                    typeof process.versions.node === 'string' &&","                    typeof require('http').createServer === 'function' &&","                    'node';","            }","        }());","        // init global","        local.global = local.modeJs === 'browser'","            ? window","            : global;","        switch (local.modeJs) {","        // re-init local from window.local","        case 'browser':","            local = local.global.utility2.objectSetDefault(","                local.global.utility2_rollup || local.global.local,","                local.global.utility2","            );","            break;","        // re-init local from example.js","        case 'node':","            local = (local.global.utility2_rollup || require('utility2'))","                .requireReadme();","            break;","        }","        // export local","        local.global.local = local;","    }());","","","","    // run shared js-env code - function","    (function () {","        return;","    }());","    switch (local.modeJs) {","","","","    // run browser js-env code - function","    case 'browser':","        break;","","","","    // run node js-env code - function","    case 'node':","        break;","    }","","","","    // run shared js-env code - post-init","    (function () {","        return;","    }());","    switch (local.modeJs) {","","","","    // run browser js-env code - post-init","    case 'browser':","        local.testCase_browser_nullCase = local.testCase_browser_nullCase || function (","            options,","            onError","        ) {","        /*","         * this function will test browsers's null-case handling-behavior-behavior","         */","            onError(null, options);","        };","","        // run tests","        local.nop(local.modeTest &&","            document.querySelector('#testRunButton1') &&","            document.querySelector('#testRunButton1').click());","        break;","","","","    // run node js-env code - post-init","    /* istanbul ignore next */","    case 'node':","        local.testCase_buildApidoc_default = local.testCase_buildApidoc_default || function (","            options,","            onError","        ) {","        /*","         * this function will test buildApidoc's default handling-behavior-behavior","         */","            options = { modulePathList: module.paths };","            local.buildApidoc(options, onError);","        };","","        local.testCase_buildApp_default = local.testCase_buildApp_default || function (","            options,","            onError","        ) {","        /*","         * this function will test buildApp's default handling-behavior-behavior","         */","            local.testCase_buildReadme_default(options, local.onErrorThrow);","            local.testCase_buildLib_default(options, local.onErrorThrow);","            local.testCase_buildTest_default(options, local.onErrorThrow);","            local.testCase_buildCustomOrg_default(options, local.onErrorThrow);","            options = [];","            local.buildApp(options, onError);","        };","","        local.testCase_buildCustomOrg_default = local.testCase_buildCustomOrg_default ||","            function (options, onError) {","            /*","             * this function will test buildCustomOrg's default handling-behavior","             */","                options = {};","                local.buildCustomOrg(options, onError);","            };","","        local.testCase_buildLib_default = local.testCase_buildLib_default || function (","            options,","            onError","        ) {","        /*","         * this function will test buildLib's default handling-behavior","         */","            options = {};","            local.buildLib(options, onError);","        };","","        local.testCase_buildReadme_default = local.testCase_buildReadme_default || function (","            options,","            onError","        ) {","        /*","         * this function will test buildReadme's default handling-behavior-behavior","         */","            options = {};","            local.buildReadme(options, onError);","        };","","        local.testCase_buildTest_default = local.testCase_buildTest_default || function (","            options,","            onError","        ) {","        /*","         * this function will test buildTest's default handling-behavior","         */","            options = {};","            local.buildTest(options, onError);","        };","","        local.testCase_webpage_default = local.testCase_webpage_default || function (","            options,","            onError","        ) {","        /*","         * this function will test webpage's default handling-behavior","         */","            options = { modeCoverageMerge: true, url: local.serverLocalHost + '?modeTest=1' };","            local.browserTest(options, onError);","        };","","        // run test-server","        local.testRunServer(local);","        break;","    }","}());",""],"l":{"12":2,"14":2,"19":2,"21":2,"23":2,"24":2,"25":2,"30":1,"37":2,"40":2,"43":1,"47":1,"50":1,"52":1,"55":2,"61":2,"62":2,"64":2,"70":1,"76":1,"82":2,"83":2,"85":2,"91":1,"98":1,"102":1,"105":1,"112":1,"119":1,"120":1,"123":1,"130":1,"131":1,"132":1,"133":1,"134":1,"135":1,"138":1,"143":2,"144":2,"147":1,"154":2,"155":2,"158":1,"165":2,"166":2,"169":1,"176":2,"177":2,"180":1,"187":1,"188":1,"192":1,"193":1}},"/home/travis/build/npmtest/node-npmtest-grunt-phantomas/lib.npmtest_grunt_phantomas.js":{"path":"/home/travis/build/npmtest/node-npmtest-grunt-phantomas/lib.npmtest_grunt_phantomas.js","s":{"1":2,"2":2,"3":2,"4":2,"5":2,"6":2,"7":2,"8":1,"9":2,"10":2,"11":2,"12":2,"13":1,"14":1,"15":1,"16":1},"b":{"1":[2,1,1,1],"2":[1,1,1,1],"3":[1,1],"4":[2,2],"5":[1,1]},"f":{"1":2,"2":2,"3":2},"fnMap":{"1":{"name":"(anonymous_1)","line":12,"loc":{"start":{"line":12,"column":1},"end":{"line":12,"column":13}}},"2":{"name":"(anonymous_2)","line":19,"loc":{"start":{"line":19,"column":5},"end":{"line":19,"column":17}}},"3":{"name":"(anonymous_3)","line":23,"loc":{"start":{"line":23,"column":24},"end":{"line":23,"column":36}}}},"statementMap":{"1":{"start":{"line":12,"column":0},"end":{"line":53,"column":5}},"2":{"start":{"line":14,"column":4},"end":{"line":14,"column":14}},"3":{"start":{"line":19,"column":4},"end":{"line":52,"column":9}},"4":{"start":{"line":21,"column":8},"end":{"line":21,"column":19}},"5":{"start":{"line":23,"column":8},"end":{"line":35,"column":13}},"6":{"start":{"line":24,"column":12},"end":{"line":34,"column":13}},"7":{"start":{"line":25,"column":16},"end":{"line":28,"column":30}},"8":{"start":{"line":30,"column":16},"end":{"line":33,"column":27}},"9":{"start":{"line":37,"column":8},"end":{"line":39,"column":21}},"10":{"start":{"line":41,"column":8},"end":{"line":41,"column":54}},"11":{"start":{"line":43,"column":8},"end":{"line":43,"column":60}},"12":{"start":{"line":45,"column":8},"end":{"line":51,"column":9}},"13":{"start":{"line":46,"column":12},"end":{"line":46,"column":66}},"14":{"start":{"line":48,"column":12},"end":{"line":48,"column":35}},"15":{"start":{"line":49,"column":12},"end":{"line":49,"column":49}},"16":{"start":{"line":50,"column":12},"end":{"line":50,"column":43}}},"branchMap":{"1":{"line":25,"type":"binary-expr","locations":[{"start":{"line":25,"column":23},"end":{"line":25,"column":62}},{"start":{"line":26,"column":20},"end":{"line":26,"column":70}},{"start":{"line":27,"column":20},"end":{"line":27,"column":71}},{"start":{"line":28,"column":20},"end":{"line":28,"column":29}}]},"2":{"line":30,"type":"binary-expr","locations":[{"start":{"line":30,"column":23},"end":{"line":30,"column":37}},{"start":{"line":31,"column":20},"end":{"line":31,"column":61}},{"start":{"line":32,"column":20},"end":{"line":32,"column":70}},{"start":{"line":33,"column":20},"end":{"line":33,"column":26}}]},"3":{"line":37,"type":"cond-expr","locations":[{"start":{"line":38,"column":14},"end":{"line":38,"column":20}},{"start":{"line":39,"column":14},"end":{"line":39,"column":20}}]},"4":{"line":41,"type":"binary-expr","locations":[{"start":{"line":41,"column":16},"end":{"line":41,"column":44}},{"start":{"line":41,"column":48},"end":{"line":41,"column":53}}]},"5":{"line":45,"type":"if","locations":[{"start":{"line":45,"column":8},"end":{"line":45,"column":8}},{"start":{"line":45,"column":8},"end":{"line":45,"column":8}}]}},"code":["/* istanbul instrument in package npmtest_grunt_phantomas */","/*jslint","    bitwise: true,","    browser: true,","    maxerr: 8,","    maxlen: 96,","    node: true,","    nomen: true,","    regexp: true,","    stupid: true","*/","(function () {","    'use strict';","    var local;","","","","    // run shared js-env code - pre-init","    (function () {","        // init local","        local = {};","        // init modeJs","        local.modeJs = (function () {","            try {","                return typeof navigator.userAgent === 'string' &&","                    typeof document.querySelector('body') === 'object' &&","                    typeof XMLHttpRequest.prototype.open === 'function' &&","                    'browser';","            } catch (errorCaughtBrowser) {","                return module.exports &&","                    typeof process.versions.node === 'string' &&","                    typeof require('http').createServer === 'function' &&","                    'node';","            }","        }());","        // init global","        local.global = local.modeJs === 'browser'","            ? window","            : global;","        // init utility2_rollup","        local = local.global.utility2_rollup || local;","        // init lib","        local.local = local.npmtest_grunt_phantomas = local;","        // init exports","        if (local.modeJs === 'browser') {","            local.global.utility2_npmtest_grunt_phantomas = local;","        } else {","            module.exports = local;","            module.exports.__dirname = __dirname;","            module.exports.module = module;","        }","    }());","}());",""],"l":{"12":2,"14":2,"19":2,"21":2,"23":2,"24":2,"25":2,"30":1,"37":2,"41":2,"43":2,"45":2,"46":1,"48":1,"49":1,"50":1}},"/home/travis/build/npmtest/node-npmtest-grunt-phantomas/example.js":{"path":"/home/travis/build/npmtest/node-npmtest-grunt-phantomas/example.js","s":{"1":2,"2":2,"3":2,"4":2,"5":2,"6":2,"7":2,"8":1,"9":2,"10":2,"11":2,"12":2,"13":1,"14":2,"15":2,"16":2,"17":2,"18":2,"19":0,"20":2,"21":1,"22":1,"23":1,"24":1,"25":1,"26":0,"27":0,"28":1,"29":1,"30":2,"31":0,"32":0,"33":0,"34":1,"35":2,"36":2,"37":3,"38":3,"39":3,"40":3,"41":0,"42":3,"43":3,"44":3,"45":1,"46":3,"47":1,"48":1,"49":1,"50":1,"51":1,"52":1,"53":1,"54":1,"55":1,"56":1,"57":0,"58":1,"59":6,"60":6,"61":1,"62":2,"63":0,"64":2,"65":1,"66":1,"67":0,"68":0,"69":0,"70":0,"71":0,"72":0,"73":0,"74":0,"75":0,"76":0,"77":0,"78":0,"79":0,"80":0,"81":0,"82":0,"83":0},"b":{"1":[2,1,1,1],"2":[1,1,1,1],"3":[1,1],"4":[2,2],"5":[1,1],"6":[1,1],"7":[2,0],"8":[2,1,1,1,1,1],"9":[0,2,0],"10":[1,1],"11":[2,1,1],"12":[1,0],"13":[0,2],"14":[2,0,0,0,0,0,0],"15":[0,3],"16":[3,0],"17":[1,1],"18":[0,1],"19":[1,2,0,2],"20":[1,0],"21":[1,1],"22":[0,0],"23":[0,0],"24":[0,0],"25":[0,0],"26":[0,0],"27":[0,0],"28":[0,0]},"f":{"1":2,"2":2,"3":2,"4":2,"5":2,"6":2,"7":3,"8":3,"9":3,"10":1,"11":6,"12":0},"fnMap":{"1":{"name":"(anonymous_1)","line":26,"loc":{"start":{"line":26,"column":1},"end":{"line":26,"column":13}}},"2":{"name":"(anonymous_2)","line":33,"loc":{"start":{"line":33,"column":5},"end":{"line":33,"column":17}}},"3":{"name":"(anonymous_3)","line":37,"loc":{"start":{"line":37,"column":24},"end":{"line":37,"column":36}}},"4":{"name":"(anonymous_4)","line":69,"loc":{"start":{"line":69,"column":31},"end":{"line":69,"column":48}},"skip":true},"5":{"name":"(anonymous_5)","line":78,"loc":{"start":{"line":78,"column":26},"end":{"line":78,"column":45}},"skip":true},"6":{"name":"(anonymous_6)","line":123,"loc":{"start":{"line":123,"column":33},"end":{"line":123,"column":48}},"skip":true},"7":{"name":"(anonymous_7)","line":125,"loc":{"start":{"line":125,"column":27},"end":{"line":125,"column":39}},"skip":true},"8":{"name":"(anonymous_8)","line":133,"loc":{"start":{"line":133,"column":59},"end":{"line":133,"column":74}},"skip":true},"9":{"name":"(anonymous_9)","line":143,"loc":{"start":{"line":143,"column":45},"end":{"line":143,"column":62}},"skip":true},"10":{"name":"(anonymous_10)","line":144,"loc":{"start":{"line":144,"column":73},"end":{"line":144,"column":92}},"skip":true},"11":{"name":"(anonymous_11)","line":272,"loc":{"start":{"line":272,"column":51},"end":{"line":272,"column":77}},"skip":true},"12":{"name":"(anonymous_12)","line":315,"loc":{"start":{"line":315,"column":32},"end":{"line":315,"column":61}},"skip":true}},"statementMap":{"1":{"start":{"line":26,"column":0},"end":{"line":326,"column":5}},"2":{"start":{"line":28,"column":4},"end":{"line":28,"column":14}},"3":{"start":{"line":33,"column":4},"end":{"line":60,"column":9}},"4":{"start":{"line":35,"column":8},"end":{"line":35,"column":19}},"5":{"start":{"line":37,"column":8},"end":{"line":49,"column":13}},"6":{"start":{"line":38,"column":12},"end":{"line":48,"column":13}},"7":{"start":{"line":39,"column":16},"end":{"line":42,"column":30}},"8":{"start":{"line":44,"column":16},"end":{"line":47,"column":27}},"9":{"start":{"line":51,"column":8},"end":{"line":53,"column":21}},"10":{"start":{"line":55,"column":8},"end":{"line":57,"column":45}},"11":{"start":{"line":59,"column":8},"end":{"line":59,"column":35}},"12":{"start":{"line":61,"column":4},"end":{"line":325,"column":5}},"13":{"start":{"line":69,"column":8},"end":{"line":121,"column":10},"skip":true},"14":{"start":{"line":70,"column":12},"end":{"line":88,"column":13},"skip":true},"15":{"start":{"line":76,"column":16},"end":{"line":87,"column":19},"skip":true},"16":{"start":{"line":79,"column":20},"end":{"line":86,"column":21},"skip":true},"17":{"start":{"line":82,"column":24},"end":{"line":82,"column":43},"skip":true},"18":{"start":{"line":83,"column":24},"end":{"line":83,"column":30},"skip":true},"19":{"start":{"line":85,"column":24},"end":{"line":85,"column":49},"skip":true},"20":{"start":{"line":89,"column":12},"end":{"line":107,"column":13},"skip":true},"21":{"start":{"line":92,"column":16},"end":{"line":102,"column":17},"skip":true},"22":{"start":{"line":93,"column":20},"end":{"line":93,"column":86},"skip":true},"23":{"start":{"line":94,"column":20},"end":{"line":95,"column":45},"skip":true},"24":{"start":{"line":96,"column":20},"end":{"line":96,"column":42},"skip":true},"25":{"start":{"line":97,"column":20},"end":{"line":97,"column":48},"skip":true},"26":{"start":{"line":100,"column":20},"end":{"line":100,"column":85},"skip":true},"27":{"start":{"line":101,"column":20},"end":{"line":101,"column":96},"skip":true},"28":{"start":{"line":103,"column":16},"end":{"line":103,"column":22},"skip":true},"29":{"start":{"line":106,"column":16},"end":{"line":106,"column":22},"skip":true},"30":{"start":{"line":108,"column":12},"end":{"line":120,"column":13},"skip":true},"31":{"start":{"line":114,"column":16},"end":{"line":119,"column":17},"skip":true},"32":{"start":{"line":116,"column":20},"end":{"line":116,"column":78},"skip":true},"33":{"start":{"line":118,"column":20},"end":{"line":118,"column":47},"skip":true},"34":{"start":{"line":123,"column":8},"end":{"line":141,"column":11},"skip":true},"35":{"start":{"line":124,"column":12},"end":{"line":124,"column":54},"skip":true},"36":{"start":{"line":125,"column":12},"end":{"line":140,"column":14},"skip":true},"37":{"start":{"line":126,"column":16},"end":{"line":126,"column":28},"skip":true},"38":{"start":{"line":127,"column":16},"end":{"line":127,"column":69},"skip":true},"39":{"start":{"line":128,"column":16},"end":{"line":128,"column":75},"skip":true},"40":{"start":{"line":129,"column":16},"end":{"line":131,"column":17},"skip":true},"41":{"start":{"line":130,"column":20},"end":{"line":130,"column":27},"skip":true},"42":{"start":{"line":133,"column":16},"end":{"line":137,"column":36},"skip":true},"43":{"start":{"line":134,"column":20},"end":{"line":136,"column":55},"skip":true},"44":{"start":{"line":139,"column":16},"end":{"line":139,"column":57},"skip":true},"45":{"start":{"line":143,"column":8},"end":{"line":147,"column":11},"skip":true},"46":{"start":{"line":144,"column":12},"end":{"line":146,"column":15},"skip":true},"47":{"start":{"line":145,"column":16},"end":{"line":145,"column":70},"skip":true},"48":{"start":{"line":149,"column":8},"end":{"line":149,"column":31},"skip":true},"49":{"start":{"line":150,"column":8},"end":{"line":150,"column":14},"skip":true},"50":{"start":{"line":158,"column":8},"end":{"line":158,"column":31},"skip":true},"51":{"start":{"line":160,"column":8},"end":{"line":160,"column":33},"skip":true},"52":{"start":{"line":161,"column":8},"end":{"line":161,"column":37},"skip":true},"53":{"start":{"line":162,"column":8},"end":{"line":162,"column":35},"skip":true},"54":{"start":{"line":164,"column":8},"end":{"line":164,"column":50},"skip":true},"55":{"start":{"line":166,"column":8},"end":{"line":256,"column":2},"skip":true},"56":{"start":{"line":258,"column":8},"end":{"line":286,"column":9},"skip":true},"57":{"start":{"line":259,"column":12},"end":{"line":269,"column":14},"skip":true},"58":{"start":{"line":271,"column":12},"end":{"line":285,"column":19},"skip":true},"59":{"start":{"line":274,"column":20},"end":{"line":274,"column":35},"skip":true},"60":{"start":{"line":275,"column":20},"end":{"line":284,"column":21},"skip":true},"61":{"start":{"line":277,"column":24},"end":{"line":277,"column":64},"skip":true},"62":{"start":{"line":279,"column":24},"end":{"line":279,"column":40},"skip":true},"63":{"start":{"line":281,"column":24},"end":{"line":281,"column":40},"skip":true},"64":{"start":{"line":283,"column":24},"end":{"line":283,"column":39},"skip":true},"65":{"start":{"line":288,"column":8},"end":{"line":290,"column":9},"skip":true},"66":{"start":{"line":289,"column":12},"end":{"line":289,"column":18},"skip":true},"67":{"start":{"line":291,"column":8},"end":{"line":293,"column":54},"skip":true},"68":{"start":{"line":296,"column":8},"end":{"line":301,"column":37},"skip":true},"69":{"start":{"line":303,"column":8},"end":{"line":303,"column":82},"skip":true},"70":{"start":{"line":306,"column":8},"end":{"line":308,"column":9},"skip":true},"71":{"start":{"line":307,"column":12},"end":{"line":307,"column":82},"skip":true},"72":{"start":{"line":310,"column":8},"end":{"line":312,"column":9},"skip":true},"73":{"start":{"line":311,"column":12},"end":{"line":311,"column":18},"skip":true},"74":{"start":{"line":313,"column":8},"end":{"line":313,"column":54},"skip":true},"75":{"start":{"line":314,"column":8},"end":{"line":314,"column":69},"skip":true},"76":{"start":{"line":315,"column":8},"end":{"line":323,"column":36},"skip":true},"77":{"start":{"line":316,"column":12},"end":{"line":316,"column":61},"skip":true},"78":{"start":{"line":317,"column":12},"end":{"line":320,"column":13},"skip":true},"79":{"start":{"line":318,"column":16},"end":{"line":318,"column":75},"skip":true},"80":{"start":{"line":319,"column":16},"end":{"line":319,"column":23},"skip":true},"81":{"start":{"line":321,"column":12},"end":{"line":321,"column":38},"skip":true},"82":{"start":{"line":322,"column":12},"end":{"line":322,"column":27},"skip":true},"83":{"start":{"line":324,"column":8},"end":{"line":324,"column":14},"skip":true}},"branchMap":{"1":{"line":39,"type":"binary-expr","locations":[{"start":{"line":39,"column":23},"end":{"line":39,"column":62}},{"start":{"line":40,"column":20},"end":{"line":40,"column":70}},{"start":{"line":41,"column":20},"end":{"line":41,"column":71}},{"start":{"line":42,"column":20},"end":{"line":42,"column":29}}]},"2":{"line":44,"type":"binary-expr","locations":[{"start":{"line":44,"column":23},"end":{"line":44,"column":37}},{"start":{"line":45,"column":20},"end":{"line":45,"column":61}},{"start":{"line":46,"column":20},"end":{"line":46,"column":70}},{"start":{"line":47,"column":20},"end":{"line":47,"column":26}}]},"3":{"line":51,"type":"cond-expr","locations":[{"start":{"line":52,"column":14},"end":{"line":52,"column":20}},{"start":{"line":53,"column":14},"end":{"line":53,"column":20}}]},"4":{"line":55,"type":"binary-expr","locations":[{"start":{"line":55,"column":16},"end":{"line":55,"column":44}},{"start":{"line":55,"column":49},"end":{"line":57,"column":43}}]},"5":{"line":55,"type":"cond-expr","locations":[{"start":{"line":56,"column":14},"end":{"line":56,"column":59}},{"start":{"line":57,"column":14},"end":{"line":57,"column":43}}]},"6":{"line":61,"type":"switch","locations":[{"start":{"line":68,"column":4},"end":{"line":150,"column":14},"skip":true},{"start":{"line":156,"column":4},"end":{"line":324,"column":14},"skip":true}]},"7":{"line":70,"type":"if","locations":[{"start":{"line":70,"column":12},"end":{"line":70,"column":12},"skip":true},{"start":{"line":70,"column":12},"end":{"line":70,"column":12},"skip":true}]},"8":{"line":70,"type":"binary-expr","locations":[{"start":{"line":70,"column":16},"end":{"line":70,"column":22},"skip":true},{"start":{"line":70,"column":27},"end":{"line":70,"column":32},"skip":true},{"start":{"line":71,"column":20},"end":{"line":71,"column":39},"skip":true},{"start":{"line":72,"column":20},"end":{"line":72,"column":49},"skip":true},{"start":{"line":73,"column":20},"end":{"line":73,"column":58},"skip":true},{"start":{"line":74,"column":20},"end":{"line":74,"column":69},"skip":true}]},"9":{"line":79,"type":"switch","locations":[{"start":{"line":80,"column":20},"end":{"line":80,"column":33},"skip":true},{"start":{"line":81,"column":20},"end":{"line":83,"column":30},"skip":true},{"start":{"line":84,"column":20},"end":{"line":85,"column":49},"skip":true}]},"10":{"line":89,"type":"switch","locations":[{"start":{"line":90,"column":12},"end":{"line":103,"column":22},"skip":true},{"start":{"line":105,"column":12},"end":{"line":106,"column":22},"skip":true}]},"11":{"line":89,"type":"binary-expr","locations":[{"start":{"line":89,"column":20},"end":{"line":89,"column":25},"skip":true},{"start":{"line":89,"column":29},"end":{"line":89,"column":48},"skip":true},{"start":{"line":89,"column":52},"end":{"line":89,"column":74},"skip":true}]},"12":{"line":92,"type":"if","locations":[{"start":{"line":92,"column":16},"end":{"line":92,"column":16},"skip":true},{"start":{"line":92,"column":16},"end":{"line":92,"column":16},"skip":true}]},"13":{"line":108,"type":"if","locations":[{"start":{"line":108,"column":12},"end":{"line":108,"column":12},"skip":true},{"start":{"line":108,"column":12},"end":{"line":108,"column":12},"skip":true}]},"14":{"line":108,"type":"binary-expr","locations":[{"start":{"line":108,"column":16},"end":{"line":108,"column":61},"skip":true},{"start":{"line":108,"column":66},"end":{"line":108,"column":72},"skip":true},{"start":{"line":108,"column":77},"end":{"line":108,"column":82},"skip":true},{"start":{"line":109,"column":20},"end":{"line":109,"column":39},"skip":true},{"start":{"line":110,"column":20},"end":{"line":110,"column":49},"skip":true},{"start":{"line":111,"column":20},"end":{"line":111,"column":58},"skip":true},{"start":{"line":112,"column":20},"end":{"line":112,"column":68},"skip":true}]},"15":{"line":129,"type":"if","locations":[{"start":{"line":129,"column":16},"end":{"line":129,"column":16},"skip":true},{"start":{"line":129,"column":16},"end":{"line":129,"column":16},"skip":true}]},"16":{"line":134,"type":"cond-expr","locations":[{"start":{"line":135,"column":26},"end":{"line":135,"column":29},"skip":true},{"start":{"line":136,"column":26},"end":{"line":136,"column":54},"skip":true}]},"17":{"line":164,"type":"binary-expr","locations":[{"start":{"line":164,"column":27},"end":{"line":164,"column":43},"skip":true},{"start":{"line":164,"column":47},"end":{"line":164,"column":49},"skip":true}]},"18":{"line":258,"type":"if","locations":[{"start":{"line":258,"column":8},"end":{"line":258,"column":8},"skip":true},{"start":{"line":258,"column":8},"end":{"line":258,"column":8},"skip":true}]},"19":{"line":275,"type":"switch","locations":[{"start":{"line":276,"column":20},"end":{"line":277,"column":64},"skip":true},{"start":{"line":278,"column":20},"end":{"line":279,"column":40},"skip":true},{"start":{"line":280,"column":20},"end":{"line":281,"column":40},"skip":true},{"start":{"line":282,"column":20},"end":{"line":283,"column":39},"skip":true}]},"20":{"line":288,"type":"if","locations":[{"start":{"line":288,"column":8},"end":{"line":288,"column":8},"skip":true},{"start":{"line":288,"column":8},"end":{"line":288,"column":8},"skip":true}]},"21":{"line":288,"type":"binary-expr","locations":[{"start":{"line":288,"column":12},"end":{"line":288,"column":40},"skip":true},{"start":{"line":288,"column":44},"end":{"line":288,"column":67},"skip":true}]},"22":{"line":292,"type":"binary-expr","locations":[{"start":{"line":292,"column":12},"end":{"line":292,"column":50},"skip":true},{"start":{"line":293,"column":12},"end":{"line":293,"column":53},"skip":true}]},"23":{"line":297,"type":"binary-expr","locations":[{"start":{"line":297,"column":12},"end":{"line":297,"column":73},"skip":true},{"start":{"line":298,"column":12},"end":{"line":301,"column":36},"skip":true}]},"24":{"line":303,"type":"binary-expr","locations":[{"start":{"line":303,"column":43},"end":{"line":303,"column":75},"skip":true},{"start":{"line":303,"column":79},"end":{"line":303,"column":81},"skip":true}]},"25":{"line":306,"type":"if","locations":[{"start":{"line":306,"column":8},"end":{"line":306,"column":8},"skip":true},{"start":{"line":306,"column":8},"end":{"line":306,"column":8},"skip":true}]},"26":{"line":310,"type":"if","locations":[{"start":{"line":310,"column":8},"end":{"line":310,"column":8},"skip":true},{"start":{"line":310,"column":8},"end":{"line":310,"column":8},"skip":true}]},"27":{"line":313,"type":"binary-expr","locations":[{"start":{"line":313,"column":27},"end":{"line":313,"column":43},"skip":true},{"start":{"line":313,"column":47},"end":{"line":313,"column":53},"skip":true}]},"28":{"line":317,"type":"if","locations":[{"start":{"line":317,"column":12},"end":{"line":317,"column":12},"skip":true},{"start":{"line":317,"column":12},"end":{"line":317,"column":12},"skip":true}]}},"code":["/*","example.js","","quickstart example","","instruction","    1. save this script as example.js","    2. run the shell command:","        $ npm install npmtest-grunt-phantomas && PORT=8081 node example.js","    3. play with the browser-demo on http://127.0.0.1:8081","*/","","","","/* istanbul instrument in package npmtest_grunt_phantomas */","/*jslint","    bitwise: true,","    browser: true,","    maxerr: 8,","    maxlen: 96,","    node: true,","    nomen: true,","    regexp: true,","    stupid: true","*/","(function () {","    'use strict';","    var local;","","","","    // run shared js-env code - pre-init","    (function () {","        // init local","        local = {};","        // init modeJs","        local.modeJs = (function () {","            try {","                return typeof navigator.userAgent === 'string' &&","                    typeof document.querySelector('body') === 'object' &&","                    typeof XMLHttpRequest.prototype.open === 'function' &&","                    'browser';","            } catch (errorCaughtBrowser) {","                return module.exports &&","                    typeof process.versions.node === 'string' &&","                    typeof require('http').createServer === 'function' &&","                    'node';","            }","        }());","        // init global","        local.global = local.modeJs === 'browser'","            ? window","            : global;","        // init utility2_rollup","        local = local.global.utility2_rollup || (local.modeJs === 'browser'","            ? local.global.utility2_npmtest_grunt_phantomas","            : global.utility2_moduleExports);","        // export local","        local.global.local = local;","    }());","    switch (local.modeJs) {","","","","    // post-init","    // run browser js-env code - post-init","    /* istanbul ignore next */","    case 'browser':","        local.testRunBrowser = function (event) {","            if (!event || (event &&","                    event.currentTarget &&","                    event.currentTarget.className &&","                    event.currentTarget.className.includes &&","                    event.currentTarget.className.includes('onreset'))) {","                // reset output","                Array.from(","                    document.querySelectorAll('body > .resettable')","                ).forEach(function (element) {","                    switch (element.tagName) {","                    case 'INPUT':","                    case 'TEXTAREA':","                        element.value = '';","                        break;","                    default:","                        element.textContent = '';","                    }","                });","            }","            switch (event && event.currentTarget && event.currentTarget.id) {","            case 'testRunButton1':","                // show tests","                if (document.querySelector('#testReportDiv1').style.display === 'none') {","                    document.querySelector('#testReportDiv1').style.display = 'block';","                    document.querySelector('#testRunButton1').textContent =","                        'hide internal test';","                    local.modeTest = true;","                    local.testRunDefault(local);","                // hide tests","                } else {","                    document.querySelector('#testReportDiv1').style.display = 'none';","                    document.querySelector('#testRunButton1').textContent = 'run internal test';","                }","                break;","            // custom-case","            default:","                break;","            }","            if (document.querySelector('#inputTextareaEval1') && (!event || (event &&","                    event.currentTarget &&","                    event.currentTarget.className &&","                    event.currentTarget.className.includes &&","                    event.currentTarget.className.includes('oneval')))) {","                // try to eval input-code","                try {","                    /*jslint evil: true*/","                    eval(document.querySelector('#inputTextareaEval1').value);","                } catch (errorCaught) {","                    console.error(errorCaught);","                }","            }","        };","        // log stderr and stdout to #outputTextareaStdout1","        ['error', 'log'].forEach(function (key) {","            console[key + '_original'] = console[key];","            console[key] = function () {","                var element;","                console[key + '_original'].apply(console, arguments);","                element = document.querySelector('#outputTextareaStdout1');","                if (!element) {","                    return;","                }","                // append text to #outputTextareaStdout1","                element.value += Array.from(arguments).map(function (arg) {","                    return typeof arg === 'string'","                        ? arg","                        : JSON.stringify(arg, null, 4);","                }).join(' ') + '\\n';","                // scroll textarea to bottom","                element.scrollTop = element.scrollHeight;","            };","        });","        // init event-handling","        ['change', 'click', 'keyup'].forEach(function (event) {","            Array.from(document.querySelectorAll('.on' + event)).forEach(function (element) {","                element.addEventListener(event, local.testRunBrowser);","            });","        });","        // run tests","        local.testRunBrowser();","        break;","","","","    // run node js-env code - post-init","    /* istanbul ignore next */","    case 'node':","        // export local","        module.exports = local;","        // require modules","        local.fs = require('fs');","        local.http = require('http');","        local.url = require('url');","        // init assets","        local.assetsDict = local.assetsDict || {};","        /* jslint-ignore-begin */","        local.assetsDict['/assets.index.template.html'] = '\\","<!doctype html>\\n\\","<html lang=\"en\">\\n\\","<head>\\n\\","<meta charset=\"UTF-8\">\\n\\","<meta name=\"viewport\" content=\"width=device-width, initial-scale=1\">\\n\\","<title>{{env.npm_package_name}} (v{{env.npm_package_version}})</title>\\n\\","<style>\\n\\","/*csslint\\n\\","    box-sizing: false,\\n\\","    universal-selector: false\\n\\","*/\\n\\","* {\\n\\","    box-sizing: border-box;\\n\\","}\\n\\","body {\\n\\","    background: #dde;\\n\\","    font-family: Arial, Helvetica, sans-serif;\\n\\","    margin: 2rem;\\n\\","}\\n\\","body > * {\\n\\","    margin-bottom: 1rem;\\n\\","}\\n\\",".utility2FooterDiv {\\n\\","    margin-top: 20px;\\n\\","    text-align: center;\\n\\","}\\n\\","</style>\\n\\","<style>\\n\\","/*csslint\\n\\","*/\\n\\","textarea {\\n\\","    font-family: monospace;\\n\\","    height: 10rem;\\n\\","    width: 100%;\\n\\","}\\n\\","textarea[readonly] {\\n\\","    background: #ddd;\\n\\","}\\n\\","</style>\\n\\","</head>\\n\\","<body>\\n\\","<!-- utility2-comment\\n\\","<div id=\"ajaxProgressDiv1\" style=\"background: #d00; height: 2px; left: 0; margin: 0; padding: 0; position: fixed; top: 0; transition: background 0.5s, width 1.5s; width: 25%;\"></div>\\n\\","utility2-comment -->\\n\\","<h1>\\n\\","<!-- utility2-comment\\n\\","    <a\\n\\","        {{#if env.npm_package_homepage}}\\n\\","        href=\"{{env.npm_package_homepage}}\"\\n\\","        {{/if env.npm_package_homepage}}\\n\\","        target=\"_blank\"\\n\\","    >\\n\\","utility2-comment -->\\n\\","        {{env.npm_package_name}} (v{{env.npm_package_version}})\\n\\","<!-- utility2-comment\\n\\","    </a>\\n\\","utility2-comment -->\\n\\","</h1>\\n\\","<h3>{{env.npm_package_description}}</h3>\\n\\","<!-- utility2-comment\\n\\","<h4><a download href=\"assets.app.js\">download standalone app</a></h4>\\n\\","<button class=\"onclick onreset\" id=\"testRunButton1\">run internal test</button><br>\\n\\","<div id=\"testReportDiv1\" style=\"display: none;\"></div>\\n\\","utility2-comment -->\\n\\","\\n\\","\\n\\","\\n\\","<label>stderr and stdout</label>\\n\\","<textarea class=\"resettable\" id=\"outputTextareaStdout1\" readonly></textarea>\\n\\","<!-- utility2-comment\\n\\","{{#if isRollup}}\\n\\","<script src=\"assets.app.js\"></script>\\n\\","{{#unless isRollup}}\\n\\","utility2-comment -->\\n\\","<script src=\"assets.utility2.rollup.js\"></script>\\n\\","<script src=\"jsonp.utility2._stateInit?callback=window.utility2._stateInit\"></script>\\n\\","<script src=\"assets.npmtest_grunt_phantomas.rollup.js\"></script>\\n\\","<script src=\"assets.example.js\"></script>\\n\\","<script src=\"assets.test.js\"></script>\\n\\","<!-- utility2-comment\\n\\","{{/if isRollup}}\\n\\","utility2-comment -->\\n\\","<div class=\"utility2FooterDiv\">\\n\\","    [ this app was created with\\n\\","    <a href=\"https://github.com/kaizhu256/node-utility2\" target=\"_blank\">utility2</a>\\n\\","    ]\\n\\","</div>\\n\\","</body>\\n\\","</html>\\n\\","';","        /* jslint-ignore-end */","        if (local.templateRender) {","            local.assetsDict['/'] = local.templateRender(","                local.assetsDict['/assets.index.template.html'],","                {","                    env: local.objectSetDefault(local.env, {","                        npm_package_description: 'the greatest app in the world!',","                        npm_package_name: 'my-app',","                        npm_package_nameAlias: 'my_app',","                        npm_package_version: '0.0.1'","                    })","                }","            );","        } else {","            local.assetsDict['/'] = local.assetsDict['/assets.index.template.html']","                .replace((/\\{\\{env\\.(\\w+?)\\}\\}/g), function (match0, match1) {","                    // jslint-hack","                    String(match0);","                    switch (match1) {","                    case 'npm_package_description':","                        return 'the greatest app in the world!';","                    case 'npm_package_name':","                        return 'my-app';","                    case 'npm_package_nameAlias':","                        return 'my_app';","                    case 'npm_package_version':","                        return '0.0.1';","                    }","                });","        }","        // run the cli","        if (local.global.utility2_rollup || module !== require.main) {","            break;","        }","        local.assetsDict['/assets.example.js'] =","            local.assetsDict['/assets.example.js'] ||","            local.fs.readFileSync(__filename, 'utf8');","        // bug-workaround - long $npm_package_buildCustomOrg","        /* jslint-ignore-begin */","        local.assetsDict['/assets.npmtest_grunt_phantomas.rollup.js'] =","            local.assetsDict['/assets.npmtest_grunt_phantomas.rollup.js'] ||","            local.fs.readFileSync(","                local.npmtest_grunt_phantomas.__dirname + '/lib.npmtest_grunt_phantomas.js',","                'utf8'","            ).replace((/^#!/), '//');","        /* jslint-ignore-end */","        local.assetsDict['/favicon.ico'] = local.assetsDict['/favicon.ico'] || '';","        // if $npm_config_timeout_exit exists,","        // then exit this process after $npm_config_timeout_exit ms","        if (Number(process.env.npm_config_timeout_exit)) {","            setTimeout(process.exit, Number(process.env.npm_config_timeout_exit));","        }","        // start server","        if (local.global.utility2_serverHttp1) {","            break;","        }","        process.env.PORT = process.env.PORT || '8081';","        console.error('server starting on port ' + process.env.PORT);","        local.http.createServer(function (request, response) {","            request.urlParsed = local.url.parse(request.url);","            if (local.assetsDict[request.urlParsed.pathname] !== undefined) {","                response.end(local.assetsDict[request.urlParsed.pathname]);","                return;","            }","            response.statusCode = 404;","            response.end();","        }).listen(process.env.PORT);","        break;","    }","}());",""],"l":{"26":2,"28":2,"33":2,"35":2,"37":2,"38":2,"39":2,"44":1,"51":2,"55":2,"59":2,"61":2,"69":1,"70":2,"76":2,"79":2,"82":2,"83":2,"85":1,"89":2,"92":1,"93":1,"94":1,"96":1,"97":1,"100":1,"101":1,"103":1,"106":1,"108":2,"114":1,"116":1,"118":1,"123":1,"124":2,"125":2,"126":3,"127":3,"128":3,"129":3,"130":1,"133":3,"134":3,"139":3,"143":1,"144":3,"145":1,"149":1,"150":1,"158":1,"160":1,"161":1,"162":1,"164":1,"166":1,"258":1,"259":1,"271":1,"274":6,"275":6,"277":1,"279":2,"281":1,"283":2,"288":1,"289":1,"291":1,"296":1,"303":1,"306":1,"307":1,"310":1,"311":1,"313":1,"314":1,"315":1,"316":1,"317":1,"318":1,"319":1,"321":1,"322":1,"324":1}},"/home/travis/build/npmtest/node-npmtest-grunt-phantomas/node_modules/grunt-phantomas/Gruntfile.js":{"path":"/home/travis/build/npmtest/node-npmtest-grunt-phantomas/node_modules/grunt-phantomas/Gruntfile.js","s":{"1":1,"2":0,"3":0,"4":0,"5":0,"6":0,"7":0,"8":0,"9":0,"10":0,"11":0,"12":0,"13":0,"14":0,"15":0},"b":{},"f":{"1":0},"fnMap":{"1":{"name":"(anonymous_1)","line":11,"loc":{"start":{"line":11,"column":17},"end":{"line":11,"column":35}}}},"statementMap":{"1":{"start":{"line":11,"column":0},"end":{"line":191,"column":2}},"2":{"start":{"line":12,"column":2},"end":{"line":12,"column":36}},"3":{"start":{"line":14,"column":2},"end":{"line":166,"column":6}},"4":{"start":{"line":169,"column":2},"end":{"line":169,"column":29}},"5":{"start":{"line":172,"column":2},"end":{"line":172,"column":46}},"6":{"start":{"line":173,"column":2},"end":{"line":173,"column":48}},"7":{"start":{"line":174,"column":2},"end":{"line":174,"column":45}},"8":{"start":{"line":175,"column":2},"end":{"line":175,"column":37}},"9":{"start":{"line":176,"column":2},"end":{"line":176,"column":47}},"10":{"start":{"line":177,"column":2},"end":{"line":177,"column":49}},"11":{"start":{"line":178,"column":2},"end":{"line":178,"column":47}},"12":{"start":{"line":179,"column":2},"end":{"line":179,"column":46}},"13":{"start":{"line":183,"column":2},"end":{"line":183,"column":74}},"14":{"start":{"line":186,"column":2},"end":{"line":186,"column":46}},"15":{"start":{"line":189,"column":2},"end":{"line":189,"column":70}}},"branchMap":{},"code":["/*"," * grunt-phantomas"," * https://github.com/stefanjudis/grunt-phantomas"," *"," * Copyright (c) 2013 stefan judis"," * Licensed under the MIT license."," */","","'use strict';","","module.exports = function( grunt ) {","  var devIndexPath = './phantomas/';","","  grunt.initConfig( {","","    clean : {","      /* https://github.com/gruntjs/grunt-contrib-clean */","      tests : [ 'tmp' ],","    },","","","    compass : {","      /* https://github.com/gruntjs/grunt-contrib-compass */","      dist : {","        options : {","          sassDir     : 'tasks/assets/sass',","          cssDir      : 'tasks/public/styles',","          environment : 'production'","        }","      }","    },","","","    copy : {","      /* https://github.com/gruntjs/grunt-contrib-copy */","      scripts : {","        files : [","          {","            cwd    : 'tasks/public/scripts/',","            expand : true,","            src    : [ '**' ],","            dest   : devIndexPath + 'public/scripts/',","            filter : 'isFile'","          },","        ]","      },","      styles : {","        files : [","          {","            cwd    : 'tasks/public/styles/',","            expand : true,","            src    : [ '**' ],","            dest   : devIndexPath + 'public/styles/',","            filter : 'isFile'","          },","        ]","      }","    },","","","    jscs : {","      /* https://www.npmjs.org/package/grunt-jscs-checker */","      src     : [","        'Gruntfile.js',","        'tasks/assets/**/*.js',","        '!tasks/assets/scripts/d3.min.js',","        'tasks/lib/phantomas.js',","        '<%= nodeunit.tests %>',","      ],","      options : {","        config : '.jscs.json'","      }","    },","","","    jshint : {","      /* https://github.com/gruntjs/grunt-contrib-jshint */","      all : [","        'Gruntfile.js',","        'tasks/assets/**/*.js',","        '!tasks/assets/scripts/d3.min.js',","        'tasks/lib/**/phantomas.js',","        '<%= nodeunit.tests %>',","      ],","      options : {","        jshintrc : '.jshintrc',","      },","    },","","","    phantomas : {","      /* https://github.com/stefanjudis/grunt-phantomas */","      grunt : {","        options : {","          assertions : {","            'assetsWithQueryString' : 3,","            'biggestLatency'        : 1400,","            'bodyHTMLSize'          : 10500,","            'commentsSize'          : 55,","            'consoleMessages'       : 0,","            'hiddenContentSize'     : 65,","            'jsErrors'              : 0,","            'gzipRequests'          : {","              'type'  : '<',","              'value' : 8","            },","            'medianResponse'        : 400,","            'nodesWithInlineCSS'    : 0,","            'requests'              : 30,","            'timeToFirstImage'      : 1100,","            'DOMelementsCount'      : 200,","            'DOMqueries'            : 10","          },","          // additionalStylesheet : '/Users/stefan/Desktop/custom2.css',","          // buildUi              : false,","          // output               : 'json',","          // limitIncludedRuns    : false,","          indexPath            : './phantomas/',","          options              : {","            'timeout'        : 30","          },","          url                  : 'http://gruntjs.com/'","        }","      }","    },","","","    nodeunit : {","      /* https://github.com/gruntjs/grunt-contrib-nodeunit */","      tests : [ 'test/**/*Test.js' ],","    },","","","    uglify : {","      /* https://github.com/gruntjs/grunt-contrib-uglify */","      options : {","        mangle : false","      },","      phantomas : {","        files : {","          'tasks/public/scripts/phantomas.min.js' : [ 'tasks/assets/scripts/phantomas.js' ]","        }","      }","    },","","","    watch : {","      /* https://github.com/gruntjs/grunt-contrib-watch */","      js : {","        files   : [ 'tasks/assets/scripts/**/*.js' ],","        flatten : true,","        options : {","          spawn : false,","        },","        tasks   : [ 'uglify', 'copy:scripts' ]","      },","      sass : {","        files   : [ 'tasks/assets/sass/**/*.scss' ],","        flatten : true,","        options : {","          spawn : false,","        },","        tasks   : [ 'compass', 'copy:styles' ]","      }","    }","  } );","","  // Actually load this plugin's task(s).","  grunt.loadTasks( 'tasks' );","","  // These plugins provide necessary tasks.","  grunt.loadNpmTasks( 'grunt-contrib-clean' );","  grunt.loadNpmTasks( 'grunt-contrib-compass' );","  grunt.loadNpmTasks( 'grunt-contrib-copy' );","  grunt.loadNpmTasks( 'grunt-jscs' );","  grunt.loadNpmTasks( 'grunt-contrib-jshint' );","  grunt.loadNpmTasks( 'grunt-contrib-nodeunit' );","  grunt.loadNpmTasks( 'grunt-contrib-uglify' );","  grunt.loadNpmTasks( 'grunt-contrib-watch' );","","  // Whenever the \"test\" task is run, first clean the \"tmp\" dir, then run this","  // plugin's task(s), then test the result.","  grunt.registerTask( 'test', [ 'clean', 'nodeunit', 'jshint', 'jscs' ] );","","  // By default, lint and run all tests.","  grunt.registerTask( 'default', [ 'test' ] );","","  // Set up development environment","  grunt.registerTask( 'build', [ 'compass', 'uglify', 'phantomas' ] );","","};",""],"l":{"11":1,"12":0,"14":0,"169":0,"172":0,"173":0,"174":0,"175":0,"176":0,"177":0,"178":0,"179":0,"183":0,"186":0,"189":0}},"/home/travis/build/npmtest/node-npmtest-grunt-phantomas/node_modules/grunt-phantomas/index.js":{"path":"/home/travis/build/npmtest/node-npmtest-grunt-phantomas/node_modules/grunt-phantomas/index.js","s":{"1":1},"b":{"1":[0,1]},"f":{},"fnMap":{},"statementMap":{"1":{"start":{"line":1,"column":0},"end":{"line":3,"column":39}}},"branchMap":{"1":{"line":1,"type":"cond-expr","locations":[{"start":{"line":2,"column":4},"end":{"line":2,"column":42}},{"start":{"line":3,"column":4},"end":{"line":3,"column":38}}]}},"code":["module.exports = process.env.PHANTOMAS_COV","  ? require( './tasks/lib/phantomas-cov' )","  : require( './tasks/lib/phantomas' );",""],"l":{"1":1}},"/home/travis/build/npmtest/node-npmtest-grunt-phantomas/node_modules/grunt-phantomas/tasks/lib/phantomas.js":{"path":"/home/travis/build/npmtest/node-npmtest-grunt-phantomas/node_modules/grunt-phantomas/tasks/lib/phantomas.js","s":{"1":1,"2":1,"3":1,"4":1,"5":1,"6":1,"7":1,"8":1,"9":1,"10":1,"11":0,"12":0,"13":0,"14":0,"15":0,"16":0,"17":0,"18":0,"19":0,"20":1,"21":0,"22":0,"23":0,"24":0,"25":0,"26":0,"27":0,"28":1,"29":0,"30":0,"31":0,"32":0,"33":0,"34":0,"35":0,"36":0,"37":1,"38":0,"39":0,"40":0,"41":0,"42":0,"43":0,"44":0,"45":0,"46":0,"47":0,"48":1,"49":0,"50":0,"51":0,"52":0,"53":0,"54":0,"55":1,"56":0,"57":0,"58":0,"59":0,"60":0,"61":0,"62":1,"63":0,"64":0,"65":0,"66":0,"67":0,"68":0,"69":0,"70":0,"71":0,"72":0,"73":1,"74":0,"75":0,"76":0,"77":0,"78":0,"79":0,"80":0,"81":0,"82":0,"83":0,"84":0,"85":0,"86":0,"87":0,"88":0,"89":0,"90":0,"91":0,"92":0,"93":0,"94":0,"95":0,"96":0,"97":0,"98":1,"99":0,"100":0,"101":0,"102":0,"103":0,"104":0,"105":0,"106":0,"107":0,"108":0,"109":0,"110":0,"111":0,"112":0,"113":1,"114":0,"115":1,"116":0,"117":0,"118":0,"119":0,"120":0,"121":0,"122":0,"123":0,"124":0,"125":0,"126":0,"127":0,"128":0,"129":0,"130":0,"131":0,"132":0,"133":0,"134":0,"135":0,"136":0,"137":1,"138":0,"139":0,"140":0,"141":0,"142":0,"143":0,"144":0,"145":1,"146":0,"147":0,"148":0,"149":0,"150":0,"151":0,"152":0,"153":0,"154":1,"155":0,"156":0,"157":0,"158":1,"159":0,"160":0,"161":0,"162":0,"163":0,"164":0,"165":0,"166":0,"167":1,"168":0,"169":0,"170":0,"171":0,"172":0,"173":0,"174":0,"175":1,"176":0,"177":0,"178":0,"179":0,"180":0,"181":0,"182":0,"183":0,"184":0,"185":0,"186":0,"187":0,"188":1,"189":0,"190":0,"191":0,"192":0,"193":0,"194":0,"195":0,"196":0,"197":0,"198":0,"199":0,"200":1,"201":0,"202":0,"203":0,"204":0,"205":1,"206":0,"207":0,"208":1,"209":0,"210":0,"211":0,"212":0,"213":0,"214":0,"215":0,"216":0,"217":0,"218":0,"219":0,"220":0,"221":1,"222":0,"223":0,"224":0,"225":0,"226":0,"227":0,"228":0,"229":0,"230":0,"231":0,"232":0,"233":0,"234":0,"235":0,"236":1},"b":{"1":[0,0],"2":[0,0],"3":[0,0],"4":[0,0],"5":[0,0],"6":[0,0],"7":[0,0],"8":[0,0],"9":[0,0],"10":[0,0],"11":[0,0],"12":[0,0],"13":[0,0],"14":[0,0],"15":[0,0],"16":[0,0],"17":[0,0],"18":[0,0],"19":[0,0],"20":[0,0],"21":[0,0],"22":[0,0],"23":[0,0],"24":[0,0],"25":[0,0,0,0,0],"26":[0,0],"27":[0,0],"28":[0,0],"29":[0,0],"30":[0,0],"31":[0,0],"32":[0,0],"33":[0,0],"34":[0,0],"35":[0,0],"36":[0,0],"37":[0,0],"38":[0,0],"39":[0,0],"40":[0,0]},"f":{"1":0,"2":0,"3":0,"4":0,"5":0,"6":0,"7":0,"8":0,"9":0,"10":0,"11":0,"12":0,"13":0,"14":0,"15":0,"16":0,"17":0,"18":0,"19":0,"20":0,"21":0,"22":0,"23":0,"24":0,"25":0,"26":0,"27":0,"28":0,"29":0,"30":0,"31":0,"32":0,"33":0,"34":0,"35":0,"36":0,"37":0,"38":0,"39":0,"40":0,"41":0,"42":0,"43":0,"44":0,"45":0,"46":0,"47":0,"48":0,"49":0,"50":0,"51":0,"52":0,"53":0,"54":0,"55":0,"56":0,"57":0,"58":0,"59":0,"60":0},"fnMap":{"1":{"name":"(anonymous_1)","line":49,"loc":{"start":{"line":49,"column":16},"end":{"line":49,"column":49}}},"2":{"name":"(anonymous_2)","line":71,"loc":{"start":{"line":71,"column":33},"end":{"line":71,"column":44}}},"3":{"name":"(anonymous_3)","line":74,"loc":{"start":{"line":74,"column":22},"end":{"line":74,"column":42}}},"4":{"name":"(anonymous_4)","line":95,"loc":{"start":{"line":95,"column":34},"end":{"line":95,"column":45}}},"5":{"name":"(anonymous_5)","line":133,"loc":{"start":{"line":133,"column":33},"end":{"line":133,"column":44}}},"6":{"name":"(anonymous_6)","line":184,"loc":{"start":{"line":184,"column":42},"end":{"line":184,"column":53}}},"7":{"name":"(anonymous_7)","line":185,"loc":{"start":{"line":185,"column":22},"end":{"line":185,"column":42}}},"8":{"name":"(anonymous_8)","line":214,"loc":{"start":{"line":214,"column":43},"end":{"line":214,"column":54}}},"9":{"name":"(anonymous_9)","line":215,"loc":{"start":{"line":215,"column":22},"end":{"line":215,"column":42}}},"10":{"name":"(anonymous_10)","line":242,"loc":{"start":{"line":242,"column":38},"end":{"line":242,"column":58}}},"11":{"name":"(anonymous_11)","line":243,"loc":{"start":{"line":243,"column":22},"end":{"line":243,"column":42}}},"12":{"name":"(anonymous_12)","line":250,"loc":{"start":{"line":250,"column":21},"end":{"line":250,"column":40}}},"13":{"name":"(anonymous_13)","line":302,"loc":{"start":{"line":302,"column":39},"end":{"line":302,"column":50}}},"14":{"name":"(anonymous_14)","line":304,"loc":{"start":{"line":304,"column":18},"end":{"line":304,"column":43}}},"15":{"name":"(anonymous_15)","line":305,"loc":{"start":{"line":305,"column":24},"end":{"line":305,"column":52}}},"16":{"name":"(anonymous_16)","line":310,"loc":{"start":{"line":310,"column":22},"end":{"line":310,"column":50}}},"17":{"name":"(anonymous_17)","line":331,"loc":{"start":{"line":331,"column":22},"end":{"line":331,"column":38}}},"18":{"name":"(anonymous_18)","line":334,"loc":{"start":{"line":334,"column":13},"end":{"line":334,"column":30}}},"19":{"name":"(anonymous_19)","line":335,"loc":{"start":{"line":335,"column":28},"end":{"line":335,"column":52}}},"20":{"name":"(anonymous_20)","line":372,"loc":{"start":{"line":372,"column":33},"end":{"line":372,"column":53}}},"21":{"name":"(anonymous_21)","line":374,"loc":{"start":{"line":374,"column":22},"end":{"line":374,"column":42}}},"22":{"name":"(anonymous_22)","line":382,"loc":{"start":{"line":382,"column":30},"end":{"line":382,"column":53}}},"23":{"name":"(anonymous_23)","line":399,"loc":{"start":{"line":399,"column":21},"end":{"line":399,"column":37}}},"24":{"name":"(anonymous_24)","line":412,"loc":{"start":{"line":412,"column":43},"end":{"line":412,"column":71}}},"25":{"name":"filterEntryValues","line":425,"loc":{"start":{"line":425,"column":4},"end":{"line":425,"column":42}}},"26":{"name":"sortEntryValues","line":436,"loc":{"start":{"line":436,"column":4},"end":{"line":436,"column":38}}},"27":{"name":"(anonymous_27)","line":512,"loc":{"start":{"line":512,"column":32},"end":{"line":512,"column":43}}},"28":{"name":"(anonymous_28)","line":522,"loc":{"start":{"line":522,"column":34},"end":{"line":522,"column":51}}},"29":{"name":"(anonymous_29)","line":535,"loc":{"start":{"line":535,"column":30},"end":{"line":535,"column":41}}},"30":{"name":"(anonymous_30)","line":557,"loc":{"start":{"line":557,"column":38},"end":{"line":557,"column":53}}},"31":{"name":"(anonymous_31)","line":561,"loc":{"start":{"line":561,"column":14},"end":{"line":561,"column":28}}},"32":{"name":"(anonymous_32)","line":586,"loc":{"start":{"line":586,"column":39},"end":{"line":586,"column":59}}},"33":{"name":"(anonymous_33)","line":588,"loc":{"start":{"line":588,"column":56},"end":{"line":588,"column":78}}},"34":{"name":"(anonymous_34)","line":610,"loc":{"start":{"line":610,"column":53},"end":{"line":610,"column":73}}},"35":{"name":"(anonymous_35)","line":611,"loc":{"start":{"line":611,"column":22},"end":{"line":611,"column":42}}},"36":{"name":"(anonymous_36)","line":638,"loc":{"start":{"line":638,"column":34},"end":{"line":638,"column":45}}},"37":{"name":"(anonymous_37)","line":639,"loc":{"start":{"line":639,"column":22},"end":{"line":639,"column":50}}},"38":{"name":"(anonymous_38)","line":675,"loc":{"start":{"line":675,"column":38},"end":{"line":675,"column":55}}},"39":{"name":"(anonymous_39)","line":676,"loc":{"start":{"line":676,"column":22},"end":{"line":676,"column":50}}},"40":{"name":"(anonymous_40)","line":681,"loc":{"start":{"line":681,"column":13},"end":{"line":681,"column":30}}},"41":{"name":"(anonymous_41)","line":720,"loc":{"start":{"line":720,"column":39},"end":{"line":720,"column":50}}},"42":{"name":"(anonymous_42)","line":721,"loc":{"start":{"line":721,"column":22},"end":{"line":721,"column":42}}},"43":{"name":"(anonymous_43)","line":725,"loc":{"start":{"line":725,"column":13},"end":{"line":725,"column":31}}},"44":{"name":"(anonymous_44)","line":726,"loc":{"start":{"line":726,"column":30},"end":{"line":726,"column":47}}},"45":{"name":"(anonymous_45)","line":737,"loc":{"start":{"line":737,"column":27},"end":{"line":737,"column":44}}},"46":{"name":"(anonymous_46)","line":743,"loc":{"start":{"line":743,"column":18},"end":{"line":743,"column":32}}},"47":{"name":"(anonymous_47)","line":762,"loc":{"start":{"line":762,"column":31},"end":{"line":762,"column":49}}},"48":{"name":"(anonymous_48)","line":765,"loc":{"start":{"line":765,"column":22},"end":{"line":765,"column":50}}},"49":{"name":"(anonymous_49)","line":770,"loc":{"start":{"line":770,"column":17},"end":{"line":770,"column":31}}},"50":{"name":"(anonymous_50)","line":782,"loc":{"start":{"line":782,"column":41},"end":{"line":782,"column":52}}},"51":{"name":"(anonymous_51)","line":797,"loc":{"start":{"line":797,"column":32},"end":{"line":797,"column":51}}},"52":{"name":"(anonymous_52)","line":802,"loc":{"start":{"line":802,"column":22},"end":{"line":802,"column":50}}},"53":{"name":"(anonymous_53)","line":815,"loc":{"start":{"line":815,"column":35},"end":{"line":815,"column":54}}},"54":{"name":"(anonymous_54)","line":852,"loc":{"start":{"line":852,"column":9},"end":{"line":852,"column":28}}},"55":{"name":"(anonymous_55)","line":853,"loc":{"start":{"line":853,"column":24},"end":{"line":853,"column":52}}},"56":{"name":"(anonymous_56)","line":857,"loc":{"start":{"line":857,"column":30},"end":{"line":857,"column":52}}},"57":{"name":"(anonymous_57)","line":862,"loc":{"start":{"line":862,"column":15},"end":{"line":862,"column":31}}},"58":{"name":"(anonymous_58)","line":872,"loc":{"start":{"line":872,"column":16},"end":{"line":872,"column":30}}},"59":{"name":"(anonymous_59)","line":887,"loc":{"start":{"line":887,"column":9},"end":{"line":887,"column":28}}},"60":{"name":"(anonymous_60)","line":888,"loc":{"start":{"line":888,"column":24},"end":{"line":888,"column":52}}}},"statementMap":{"1":{"start":{"line":11,"column":0},"end":{"line":11,"column":38}},"2":{"start":{"line":12,"column":0},"end":{"line":12,"column":61}},"3":{"start":{"line":13,"column":0},"end":{"line":13,"column":58}},"4":{"start":{"line":14,"column":0},"end":{"line":14,"column":59}},"5":{"start":{"line":15,"column":0},"end":{"line":15,"column":39}},"6":{"start":{"line":16,"column":0},"end":{"line":16,"column":36}},"7":{"start":{"line":17,"column":0},"end":{"line":17,"column":50}},"8":{"start":{"line":24,"column":0},"end":{"line":26,"column":20}},"9":{"start":{"line":33,"column":0},"end":{"line":36,"column":22}},"10":{"start":{"line":49,"column":0},"end":{"line":59,"column":2}},"11":{"start":{"line":50,"column":2},"end":{"line":50,"column":73}},"12":{"start":{"line":51,"column":2},"end":{"line":51,"column":31}},"13":{"start":{"line":52,"column":2},"end":{"line":52,"column":29}},"14":{"start":{"line":53,"column":2},"end":{"line":53,"column":32}},"15":{"start":{"line":54,"column":2},"end":{"line":54,"column":74}},"16":{"start":{"line":55,"column":2},"end":{"line":55,"column":59}},"17":{"start":{"line":56,"column":2},"end":{"line":56,"column":38}},"18":{"start":{"line":57,"column":2},"end":{"line":57,"column":42}},"19":{"start":{"line":58,"column":2},"end":{"line":58,"column":66}},"20":{"start":{"line":71,"column":0},"end":{"line":84,"column":2}},"21":{"start":{"line":72,"column":2},"end":{"line":72,"column":64}},"22":{"start":{"line":74,"column":2},"end":{"line":83,"column":19}},"23":{"start":{"line":75,"column":4},"end":{"line":77,"column":5}},"24":{"start":{"line":76,"column":6},"end":{"line":76,"column":57}},"25":{"start":{"line":79,"column":4},"end":{"line":79,"column":22}},"26":{"start":{"line":80,"column":4},"end":{"line":80,"column":23}},"27":{"start":{"line":82,"column":4},"end":{"line":82,"column":14}},"28":{"start":{"line":95,"column":0},"end":{"line":125,"column":2}},"29":{"start":{"line":96,"column":2},"end":{"line":98,"column":3}},"30":{"start":{"line":97,"column":4},"end":{"line":97,"column":63}},"31":{"start":{"line":100,"column":2},"end":{"line":102,"column":4}},"32":{"start":{"line":104,"column":2},"end":{"line":107,"column":4}},"33":{"start":{"line":109,"column":2},"end":{"line":111,"column":4}},"34":{"start":{"line":113,"column":2},"end":{"line":115,"column":4}},"35":{"start":{"line":117,"column":2},"end":{"line":120,"column":4}},"36":{"start":{"line":122,"column":2},"end":{"line":124,"column":4}},"37":{"start":{"line":133,"column":0},"end":{"line":171,"column":2}},"38":{"start":{"line":134,"column":2},"end":{"line":136,"column":3}},"39":{"start":{"line":135,"column":4},"end":{"line":135,"column":62}},"40":{"start":{"line":138,"column":2},"end":{"line":140,"column":4}},"41":{"start":{"line":142,"column":2},"end":{"line":145,"column":4}},"42":{"start":{"line":147,"column":2},"end":{"line":149,"column":4}},"43":{"start":{"line":151,"column":2},"end":{"line":170,"column":3}},"44":{"start":{"line":152,"column":4},"end":{"line":169,"column":5}},"45":{"start":{"line":153,"column":6},"end":{"line":156,"column":8}},"46":{"start":{"line":158,"column":6},"end":{"line":162,"column":8}},"47":{"start":{"line":164,"column":6},"end":{"line":168,"column":8}},"48":{"start":{"line":184,"column":0},"end":{"line":200,"column":2}},"49":{"start":{"line":185,"column":2},"end":{"line":199,"column":19}},"50":{"start":{"line":186,"column":4},"end":{"line":186,"column":48}},"51":{"start":{"line":188,"column":4},"end":{"line":198,"column":5}},"52":{"start":{"line":189,"column":6},"end":{"line":189,"column":16}},"53":{"start":{"line":191,"column":6},"end":{"line":195,"column":8}},"54":{"start":{"line":197,"column":6},"end":{"line":197,"column":16}},"55":{"start":{"line":214,"column":0},"end":{"line":231,"column":2}},"56":{"start":{"line":215,"column":2},"end":{"line":230,"column":19}},"57":{"start":{"line":216,"column":4},"end":{"line":216,"column":57}},"58":{"start":{"line":217,"column":4},"end":{"line":229,"column":5}},"59":{"start":{"line":218,"column":6},"end":{"line":218,"column":16}},"60":{"start":{"line":220,"column":6},"end":{"line":226,"column":8}},"61":{"start":{"line":228,"column":6},"end":{"line":228,"column":16}},"62":{"start":{"line":242,"column":0},"end":{"line":290,"column":2}},"63":{"start":{"line":243,"column":2},"end":{"line":289,"column":19}},"64":{"start":{"line":244,"column":4},"end":{"line":244,"column":70}},"65":{"start":{"line":246,"column":4},"end":{"line":246,"column":30}},"66":{"start":{"line":247,"column":4},"end":{"line":247,"column":44}},"67":{"start":{"line":250,"column":4},"end":{"line":254,"column":21}},"68":{"start":{"line":251,"column":6},"end":{"line":253,"column":7}},"69":{"start":{"line":252,"column":8},"end":{"line":252,"column":47}},"70":{"start":{"line":256,"column":4},"end":{"line":281,"column":6}},"71":{"start":{"line":283,"column":4},"end":{"line":285,"column":6}},"72":{"start":{"line":287,"column":4},"end":{"line":287,"column":31}},"73":{"start":{"line":302,"column":0},"end":{"line":360,"column":2}},"74":{"start":{"line":303,"column":2},"end":{"line":308,"column":4}},"75":{"start":{"line":305,"column":4},"end":{"line":307,"column":8}},"76":{"start":{"line":306,"column":6},"end":{"line":306,"column":63}},"77":{"start":{"line":310,"column":2},"end":{"line":359,"column":19}},"78":{"start":{"line":311,"column":4},"end":{"line":311,"column":16}},"79":{"start":{"line":313,"column":4},"end":{"line":316,"column":6}},"80":{"start":{"line":318,"column":4},"end":{"line":328,"column":5}},"81":{"start":{"line":319,"column":6},"end":{"line":319,"column":48}},"82":{"start":{"line":322,"column":6},"end":{"line":325,"column":7}},"83":{"start":{"line":323,"column":8},"end":{"line":323,"column":43}},"84":{"start":{"line":324,"column":8},"end":{"line":324,"column":70}},"85":{"start":{"line":327,"column":6},"end":{"line":327,"column":62}},"86":{"start":{"line":330,"column":4},"end":{"line":358,"column":23}},"87":{"start":{"line":332,"column":8},"end":{"line":332,"column":29}},"88":{"start":{"line":335,"column":8},"end":{"line":355,"column":29}},"89":{"start":{"line":336,"column":10},"end":{"line":352,"column":11}},"90":{"start":{"line":337,"column":12},"end":{"line":337,"column":67}},"91":{"start":{"line":338,"column":12},"end":{"line":338,"column":44}},"92":{"start":{"line":340,"column":12},"end":{"line":340,"column":38}},"93":{"start":{"line":342,"column":12},"end":{"line":351,"column":13}},"94":{"start":{"line":343,"column":14},"end":{"line":345,"column":16}},"95":{"start":{"line":346,"column":14},"end":{"line":346,"column":41}},"96":{"start":{"line":348,"column":14},"end":{"line":350,"column":16}},"97":{"start":{"line":354,"column":10},"end":{"line":354,"column":24}},"98":{"start":{"line":372,"column":0},"end":{"line":504,"column":2}},"99":{"start":{"line":373,"column":2},"end":{"line":373,"column":103}},"100":{"start":{"line":374,"column":2},"end":{"line":503,"column":19}},"101":{"start":{"line":375,"column":4},"end":{"line":380,"column":15}},"102":{"start":{"line":382,"column":4},"end":{"line":396,"column":8}},"103":{"start":{"line":383,"column":6},"end":{"line":395,"column":7}},"104":{"start":{"line":387,"column":8},"end":{"line":394,"column":10}},"105":{"start":{"line":399,"column":4},"end":{"line":417,"column":14}},"106":{"start":{"line":401,"column":6},"end":{"line":401,"column":17}},"107":{"start":{"line":403,"column":6},"end":{"line":410,"column":7}},"108":{"start":{"line":404,"column":8},"end":{"line":409,"column":9}},"109":{"start":{"line":408,"column":10},"end":{"line":408,"column":65}},"110":{"start":{"line":412,"column":6},"end":{"line":416,"column":21}},"111":{"start":{"line":413,"column":8},"end":{"line":413,"column":68}},"112":{"start":{"line":415,"column":8},"end":{"line":415,"column":19}},"113":{"start":{"line":425,"column":4},"end":{"line":427,"column":5}},"114":{"start":{"line":426,"column":6},"end":{"line":426,"column":30}},"115":{"start":{"line":436,"column":4},"end":{"line":438,"column":5}},"116":{"start":{"line":437,"column":6},"end":{"line":437,"column":19}},"117":{"start":{"line":441,"column":4},"end":{"line":496,"column":5}},"118":{"start":{"line":442,"column":12},"end":{"line":442,"column":38}},"119":{"start":{"line":444,"column":6},"end":{"line":448,"column":7}},"120":{"start":{"line":445,"column":8},"end":{"line":447,"column":49}},"121":{"start":{"line":450,"column":6},"end":{"line":452,"column":7}},"122":{"start":{"line":451,"column":8},"end":{"line":451,"column":17}},"123":{"start":{"line":454,"column":6},"end":{"line":454,"column":51}},"124":{"start":{"line":455,"column":6},"end":{"line":455,"column":49}},"125":{"start":{"line":457,"column":6},"end":{"line":459,"column":7}},"126":{"start":{"line":458,"column":8},"end":{"line":458,"column":17}},"127":{"start":{"line":461,"column":6},"end":{"line":463,"column":7}},"128":{"start":{"line":462,"column":8},"end":{"line":462,"column":39}},"129":{"start":{"line":465,"column":6},"end":{"line":465,"column":68}},"130":{"start":{"line":466,"column":6},"end":{"line":468,"column":64}},"131":{"start":{"line":473,"column":6},"end":{"line":495,"column":7}},"132":{"start":{"line":482,"column":8},"end":{"line":487,"column":9}},"133":{"start":{"line":486,"column":10},"end":{"line":486,"column":47}},"134":{"start":{"line":489,"column":8},"end":{"line":494,"column":9}},"135":{"start":{"line":493,"column":10},"end":{"line":493,"column":47}},"136":{"start":{"line":498,"column":4},"end":{"line":502,"column":8}},"137":{"start":{"line":512,"column":0},"end":{"line":527,"column":2}},"138":{"start":{"line":513,"column":2},"end":{"line":513,"column":12}},"139":{"start":{"line":515,"column":2},"end":{"line":520,"column":3}},"140":{"start":{"line":516,"column":4},"end":{"line":516,"column":68}},"141":{"start":{"line":518,"column":4},"end":{"line":518,"column":66}},"142":{"start":{"line":519,"column":4},"end":{"line":519,"column":15}},"143":{"start":{"line":522,"column":2},"end":{"line":526,"column":14}},"144":{"start":{"line":523,"column":4},"end":{"line":525,"column":11}},"145":{"start":{"line":535,"column":0},"end":{"line":573,"column":2}},"146":{"start":{"line":536,"column":2},"end":{"line":536,"column":62}},"147":{"start":{"line":538,"column":2},"end":{"line":572,"column":14}},"148":{"start":{"line":558,"column":10},"end":{"line":558,"column":72}},"149":{"start":{"line":562,"column":8},"end":{"line":562,"column":58}},"150":{"start":{"line":564,"column":8},"end":{"line":568,"column":9}},"151":{"start":{"line":565,"column":10},"end":{"line":565,"column":42}},"152":{"start":{"line":567,"column":10},"end":{"line":567,"column":36}},"153":{"start":{"line":570,"column":8},"end":{"line":570,"column":55}},"154":{"start":{"line":586,"column":0},"end":{"line":598,"column":2}},"155":{"start":{"line":588,"column":2},"end":{"line":595,"column":6}},"156":{"start":{"line":589,"column":4},"end":{"line":594,"column":14}},"157":{"start":{"line":597,"column":2},"end":{"line":597,"column":17}},"158":{"start":{"line":610,"column":0},"end":{"line":628,"column":2}},"159":{"start":{"line":611,"column":2},"end":{"line":627,"column":19}},"160":{"start":{"line":612,"column":4},"end":{"line":612,"column":68}},"161":{"start":{"line":614,"column":4},"end":{"line":614,"column":78}},"162":{"start":{"line":615,"column":4},"end":{"line":615,"column":74}},"163":{"start":{"line":617,"column":4},"end":{"line":617,"column":44}},"164":{"start":{"line":619,"column":4},"end":{"line":619,"column":78}},"165":{"start":{"line":621,"column":4},"end":{"line":624,"column":6}},"166":{"start":{"line":626,"column":4},"end":{"line":626,"column":14}},"167":{"start":{"line":638,"column":0},"end":{"line":664,"column":2}},"168":{"start":{"line":639,"column":2},"end":{"line":663,"column":19}},"169":{"start":{"line":640,"column":4},"end":{"line":662,"column":5}},"170":{"start":{"line":641,"column":6},"end":{"line":659,"column":7}},"171":{"start":{"line":644,"column":8},"end":{"line":648,"column":29}},"172":{"start":{"line":650,"column":8},"end":{"line":652,"column":10}},"173":{"start":{"line":654,"column":8},"end":{"line":658,"column":10}},"174":{"start":{"line":661,"column":6},"end":{"line":661,"column":16}},"175":{"start":{"line":675,"column":0},"end":{"line":709,"column":2}},"176":{"start":{"line":676,"column":2},"end":{"line":708,"column":19}},"177":{"start":{"line":677,"column":4},"end":{"line":707,"column":23}},"178":{"start":{"line":682,"column":8},"end":{"line":692,"column":9}},"179":{"start":{"line":683,"column":10},"end":{"line":683,"column":36}
[...]
( var j = 0, len = entry.values.length++; j<len; j++ ) {","        entry.sum += entry.values[ j ];","      }","","      entry.average = + ( len && ( entry.sum / len ).toFixed( 2 ) );","      entry.median = + ( ( (len % 2 === 0) ?","                      ( ( entry.values[ len >> 1 ] + entry.values[ len >> 1 + 1 ] ) / 2 ) :","                      entry.values[ len >> 1 ] ).toFixed( 2 ) );","","      // pushed failed assertion","      // depending on median","      // to failedAssertions sum up","      if (","        typeof this.options.assertions[ metric ] !== 'undefined' &&","        _.indexOf( this.failedAssertions, metric ) === -1 &&","        (","          this.options.assertions[ metric ].type === '>' ||","          this.options.assertions[ metric ].type === '<'","        ) &&","        typeof this.options.assertions[ metric ].value === 'number'","      ) {","        if (","          this.options.assertions[ metric ].type === '>' &&","          entry.median > this.options.assertions[ metric ].value","        ) {","          this.failedAssertions.push( metric );","        }","","        if (","          this.options.assertions[ metric ].type === '<' &&","          entry.median < this.options.assertions[ metric ].value","        ) {","          this.failedAssertions.push( metric );","        }","      }","    }","","    resolve( {","      assertions       : assertions,","      metrics          : entries,","      offenders        : offenders","    } );","  }.bind( this ) );","};","","","/**"," * Get array of image paths"," *"," * @return {Array} Array of image paths"," */","Phantomas.prototype.getImages = function() {","  var files;","","  try {","    files = fs.readdirSync( this.imagePath + '/' + this.timestamp );","  } catch( e ) {","    this.grunt.log.error( 'NO IMAGES FOR FILM STRIP VIEW FOUND' );","    files = [];","  }","","  return _.sortBy( files, _.bind( function( file ) {","    return +file.match(","      /^screenshot-\\d\\d\\d\\d-\\d\\d-\\d\\dT\\d\\d-\\d\\d-\\d\\d-(\\d*).png$/","    )[ 1 ];","  }, this ) );","};","","","/**"," * General function to start the whole thingy"," *"," * @tested"," */","Phantomas.prototype.kickOff = function() {","  this.grunt.log.subhead( 'PHANTOMAS EXECUTION(S) STARTED.' );","","  this.createIndexDirectory().bind( this )","      // create data directory to prevent","      // fileIO errors","      .then( this.createDataDirectory )","      // execute the phantomas process","      // multiple runs according to","      // configuration","      .then( this.executePhantomas )","      // format result and calculate","      // max / min / median / average / ...","      .then( this.formResult )","      // write new file(s) with metrics data","      .then( this.writeData )","      // process data and generate","      // ui if wanted","      .then( this.processData )","      // yeah we're done!!! :)","      .then( this.showSuccessMessage )","      // catch general bluebird error","      .catch( Promise.RejectionError, function ( e ) {","          console.error( 'unable to write file, because: ', e.message );","      } )","      // catch unknown error","      .catch( function( e ) {","        this.grunt.log.error( 'SOMETHING WENT WRONG...' );","","        if ( e.stack ) {","          this.grunt.log.error( e.stack );","        } else {","          this.grunt.log.error( e );","        }","","        this.grunt.event.emit( 'phantomasFailure', e );","      }.bind( this ) )","      .done();","};","","","/**"," * Normalize the handed in options object"," * to deal with legacy configs and different"," * allowed option settings"," *"," * @param  {Object} options options"," * @return {Object}         normalized options"," *"," * @tested"," */","Phantomas.prototype.normalizeOptions = function( options ) {","","  options.assertions = _.mapValues( options.assertions, function( assertion ) {","    return ( typeof assertion === 'number' ) ?","    {","      type  : '>',","      value : assertion","    } :","    assertion;","  } );","","  return options;","};","","","/**"," * Notify about not displayed metrics during"," * the build process"," *"," * @param  {Object} results results"," * @return {Promise}        Promise"," *"," * @tested"," */","Phantomas.prototype.notifyAboutNotDisplayedMetrics = function( results ) {","  return new Promise( function( resolve ) {","    this.grunt.log.subhead( 'CHECKING FOR NOT DISPLAYED METRICS.' );","","    var resultKeys          = _.keys( results[ results.length - 1 ].metrics );","    var displayedMetricKeys = _.flatten( _.values( this.options.group ) );","","    displayedMetricKeys.push( 'timestamp' );","","    var notDisplayedMetrics = _.difference( resultKeys, displayedMetricKeys );","","    this.grunt.log.ok(","      'You are currently not displaying the following metrics:\\n' +","      notDisplayedMetrics.join( ', ' )","    );","","    resolve();","  }.bind( this ) );","};","","","/**"," * Process data and build UI if wished"," *"," * @return {Promise} Promise"," *"," * @tested"," */","Phantomas.prototype.processData = function() {","  return new Promise( function( resolve, reject ) {","    if ( this.options.buildUi ) {","      if ( _.indexOf( this.options.output, 'json' ) !== -1 ) {","        // read all generated metric files","        // and prepare them for ui generation","        this.readMetricsFiles().bind( this )","            // generate index.html","            .then( this.outputUi )","            // resolve everything to go on","            .then( resolve );","      } else {","        this.grunt.log.error(","          'Your set ouput format is not compatible with building the UI.'","        );","","        reject(","          'Please set \\'output\\' to \\'json\\' if you want to build UI\\n\\n' +","          '-- or --\\n\\n' +","          'set \\'buildUi\\' to \\'false\\' if you want to get only the csv files.'","        );","      }","    } else {","      resolve();","    }","  }.bind( this ) );","};","","","/**"," * Handle the path of a metrics file and read it"," *"," * @param  {String} file file path to metrics file"," * @return {Promise}     Promise"," *"," * @tested"," */","Phantomas.prototype.readMetricsFile = function( file ) {","  return new Promise( function( resolve, reject ) {","    fs.readFileAsync(","      this.dataPath + file,","      { encoding : 'utf8' }","    ).bind( this )","      .then( function( data ) {","        try {","          data = JSON.parse( data );","        } catch( e ) {","          // if it's not valid json","          // let's fail","          this.grunt.log.error(","            'Sorry - ' + this.dataPath + file + ' is malformed'","          );","","          return reject( e );","        }","        // set internal timestamp to work with it","        // on frontend side later on","        data.timestamp = +file.replace( /\\.json/gi, '' );","","        this.grunt.log.ok( '\\'' + file + '\\' looks good!' );","","        // provide backwards compability","        // if no offenders data is present","        if ( !data.offenders ) {","          data.offenders = {};","          data.metrics = JSON.parse( JSON.stringify( data ) );","        }","","        resolve( data );","      }.bind( this ) );","  }.bind( this ) );","};","","","/**"," * Get data of all metrics files"," * included in data folder"," *"," * @return {Promise} Promise"," *"," * @tested"," */","Phantomas.prototype.readMetricsFiles = function() {","  return new Promise( function( resolve ) {","    this.grunt.log.subhead( 'CHECKING ALL WRITTEN FILES FOR VALID JSON.' );","","    fs.readdirAsync( this.dataPath ).bind( this )","      .then( function( files ) {","        files = files.filter( function( file ) {","          return file.match( /\\.json/gi );","        } ).sort();","","        if (","          typeof this.options.limitIncludedRuns === 'number' &&","          this.options.limitIncludedRuns","        ) {","          files = files.slice( files.length - this.options.limitIncludedRuns );","        }","","        files = files.map( function( file ) {","            return this.readMetricsFile( file );","        }, this );","","        Promise.settle( files ).bind( this )","          .then( resolve )","          .catch( function( e ) {","            console.log( e );","          } );","      }.bind( this ) );","  }.bind( this ) );","};","",""," /**"," * Generate UI files if wished including creating index.html,"," * copying assets and so"," *"," * Do nothing if 'this.buildUI' is falsy"," *"," * @param  {Array}   files files"," * @return {Promise}       Promise"," *"," * @tested"," */","Phantomas.prototype.outputUi = function( files ) {","  this.grunt.log.subhead( 'BUILDING THE UI TO DISPLAY YOUR DATA.' );","","  return new Promise( function( resolve, reject ) {","     this.createIndexHtml( files ).bind( this )","         .then( this.notifyAboutNotDisplayedMetrics )","         .then( this.copyAssets )","         .then( resolve )","         .catch( function( e ) {","              reject( e );","          } );","  }.bind( this ) );","};","","","/**"," * Show final message and call grunt task callback afterwards"," *"," * @tested"," */","Phantomas.prototype.showSuccessMessage = function() {","  this.grunt.log.subhead( 'FINISHED PHANTOMAS.' );","","  this.done();","};","","","/**"," * Create json or csv data"," *"," * @param  {Object}  result phantomas result"," * @return {Promise}        Promise"," *"," * @tested"," */","Phantomas.prototype.writeData = function( result ) {","  this.grunt.log.subhead( 'WRITING RESULT FILES.' );","","  var runs = [];","","  return new Promise( function( resolve, reject ) {","    if (","      typeof result.metrics.requests !== 'undefined' &&","      result.metrics.requests.values.length","    ) {","      // keep backwards compatibility","      // to not break existant configurations","      if ( typeof this.options.output === 'string' ) {","        this.options.output = [ this.options.output ];","      }","","      // iterate of output formats","      // and write data","      this.options.output.forEach( function( format ) {","        if ( this._writeData[ format ] !== undefined ) {","          runs.push(","            this._writeData[ format ].bind( this )( result )","          );","        } else {","          reject(","            'Your set ouput format \\'' + format + '\\' is not supported.\\n' +","            'PLEASE CHECK DOCUMENTATION FOR SUPPORTED FORMATS.'","          );","        }","      }, this );","","      Promise.settle( runs )","          .then( resolve );","    } else {","      reject( 'No run was successful.' );","    }","  }.bind( this ) );","};","","","/**"," * Object holding function to generate"," * several data formats"," *"," * @type {Object}"," */","Phantomas.prototype._writeData = {","  /**","   * Create CSV with generated data","   *","   * @param  {Object} result result","   * @return {Promise}       Promise","   *","   * @tested","   */","  csv  : function( result ) {","    return new Promise( function( resolve, reject ) {","      var displayedMetricKeys = _.keys( result.metrics );","      var metrics             = {};","","      _.each( result.metrics, function( value, key ){","        metrics[ key ] = result.metrics[ key ].average;","      } );","","      json2csv( { data : result.metrics, fields : displayedMetricKeys } )","        .then( function( csv ) {","          var fileName = this.dataPath + this.timestamp + '.csv';","","          fs.writeFileAsync(","            fileName,","            csv","          ).then( resolve );","","          this.grunt.log.ok( 'CSV file - ' + fileName  + ' - written.' );","        }.bind( this ) )","        .catch( function( e ) {","          reject( e );","        } );","    }.bind( this ) );","  },","","","  /**","   * Create JSON with generated data","   *","   * @param  {Object} result result","   * @return {Promise}       Promise","   *","   * @tested","   */","  json : function( result ) {","    return new Promise( function( resolve, reject ) {","      var fileName = this.dataPath + this.timestamp + '.json';","","      fs.writeFileAsync(","        fileName,","        JSON.stringify( result, null, 2 )","      )","      .then( resolve )","      .catch( reject );","","      this.grunt.log.ok( 'JSON file - ' + fileName + ' - written.' );","    }.bind( this ) );","  }","};","","module.exports = Phantomas;",""],"l":{"11":1,"12":1,"13":1,"14":1,"15":1,"16":1,"17":1,"24":1,"33":1,"49":1,"50":0,"51":0,"52":0,"53":0,"54":0,"55":0,"56":0,"57":0,"58":0,"71":1,"72":0,"74":0,"75":0,"76":0,"79":0,"80":0,"82":0,"95":1,"96":0,"97":0,"100":0,"104":0,"109":0,"113":0,"117":0,"122":0,"133":1,"134":0,"135":0,"138":0,"142":0,"147":0,"151":0,"152":0,"153":0,"158":0,"164":0,"184":1,"185":0,"186":0,"188":0,"189":0,"191":0,"197":0,"214":1,"215":0,"216":0,"217":0,"218":0,"220":0,"228":0,"242":1,"243":0,"244":0,"246":0,"247":0,"250":0,"251":0,"252":0,"256":0,"283":0,"287":0,"302":1,"303":0,"305":0,"306":0,"310":0,"311":0,"313":0,"318":0,"319":0,"322":0,"323":0,"324":0,"327":0,"330":0,"332":0,"335":0,"336":0,"337":0,"338":0,"340":0,"342":0,"343":0,"346":0,"348":0,"354":0,"372":1,"373":0,"374":0,"375":0,"382":0,"383":0,"387":0,"399":0,"401":0,"403":0,"404":0,"408":0,"412":0,"413":0,"415":0,"425":1,"426":0,"436":1,"437":0,"441":0,"442":0,"444":0,"445":0,"450":0,"451":0,"454":0,"455":0,"457":0,"458":0,"461":0,"462":0,"465":0,"466":0,"473":0,"482":0,"486":0,"489":0,"493":0,"498":0,"512":1,"513":0,"515":0,"516":0,"518":0,"519":0,"522":0,"523":0,"535":1,"536":0,"538":0,"558":0,"562":0,"564":0,"565":0,"567":0,"570":0,"586":1,"588":0,"589":0,"597":0,"610":1,"611":0,"612":0,"614":0,"615":0,"617":0,"619":0,"621":0,"626":0,"638":1,"639":0,"640":0,"641":0,"644":0,"650":0,"654":0,"661":0,"675":1,"676":0,"677":0,"682":0,"683":0,"687":0,"691":0,"695":0,"697":0,"701":0,"702":0,"703":0,"706":0,"720":1,"721":0,"722":0,"724":0,"726":0,"727":0,"730":0,"734":0,"737":0,"738":0,"741":0,"744":0,"762":1,"763":0,"765":0,"766":0,"771":0,"782":1,"783":0,"785":0,"797":1,"798":0,"800":0,"802":0,"803":0,"809":0,"810":0,"815":0,"816":0,"817":0,"821":0,"828":0,"831":0,"843":1,"853":0,"854":0,"855":0,"857":0,"858":0,"861":0,"863":0,"865":0,"870":0,"873":0,"888":0,"889":0,"891":0,"898":0,"903":1}},"/home/travis/build/npmtest/node-npmtest-grunt-phantomas/node_modules/grunt-phantomas/tasks/phantomas.js":{"path":"/home/travis/build/npmtest/node-npmtest-grunt-phantomas/node_modules/grunt-phantomas/tasks/phantomas.js","s":{"1":1,"2":0,"3":0,"4":0,"5":0,"6":0,"7":0},"b":{},"f":{"1":0,"2":0},"fnMap":{"1":{"name":"(anonymous_1)","line":11,"loc":{"start":{"line":11,"column":17},"end":{"line":11,"column":35}}},"2":{"name":"(anonymous_2)","line":15,"loc":{"start":{"line":15,"column":4},"end":{"line":15,"column":15}}}},"statementMap":{"1":{"start":{"line":11,"column":0},"end":{"line":158,"column":2}},"2":{"start":{"line":12,"column":2},"end":{"line":157,"column":4}},"3":{"start":{"line":16,"column":6},"end":{"line":16,"column":35}},"4":{"start":{"line":17,"column":6},"end":{"line":148,"column":10}},"5":{"start":{"line":149,"column":6},"end":{"line":151,"column":24}},"6":{"start":{"line":154,"column":6},"end":{"line":154,"column":60}},"7":{"start":{"line":155,"column":6},"end":{"line":155,"column":26}}},"branchMap":{},"code":["/*"," * grunt-phantomas"," * https://github.com/stefanjudis/grunt-phantomas"," *"," * Copyright (c) 2013 stefan judis"," * Licensed under the MIT license."," */","","'use strict';","","module.exports = function( grunt ) {","  grunt.registerMultiTask(","    'phantomas',","    'Get metrics of your site and compare them.',","    function() {","      var done      = this.async();","      var options   = this.options( {","        additionStylesheet : false,","        assertions         : {},","        buildUi            : true,","        limitIncludedRuns  : 30,","        indexPath          : './phantomas/',","        numberOfRuns       : 5,","        options            : {},","        output             : [ 'json', 'csv' ],","        url                : 'http://gruntjs.com/',","        group              : {","          'REQUESTS' : [","            'requests',","            'gzipRequests',","            'postRequests',","            'httpsRequests',","            'notFound',","            'multipleRequests',","            'maxRequestsPerDomain',","            'domains',","            'medianRequestsPerDomain',","            'redirects',","            'redirectsTime',","            'smallestResponse',","            'biggestResponse',","            'smallestLatency',","            'biggestLatency',","            'medianResponse',","            'medianLatency',","            'assetsNotGzipped',","            'assetsWithQueryString',","            'smallImages'","          ],","          'TIMINGS' : [","            'timeToFirstByte',","            'timeToLastByte',","            'timeToFirstCss',","            'timeToFirstJs',","            'timeToFirstImage',","            'fastestResponse',","            'slowestResponse',","            'onDOMReadyTime',","            'onDOMReadyTimeEnd',","            'windowOnLoadTime',","            'windowOnLoadTimeEnd',","            'httpTrafficCompleted',","            'timeBackend',","            'timeFrontend'","          ],","          'HTML' : [","            'bodyHTMLSize',","            'iframesCount',","            'imagesWithoutDimensions',","            'commentsSize',","            'hiddenContentSize',","            'whiteSpacesSize',","            'DOMelementsCount',","            'DOMelementMaxDepth',","            'nodesWithInlineCSS',","            'foo'","          ],","          'JAVASCRIPT' : [","            'eventsBound',","            'documentWriteCalls',","            'evalCalls',","            'jsErrors',","            'consoleMessages',","            'windowAlerts',","            'windowConfirms',","            'windowPrompts',","            'globalVariables',","            'localStorageEntries',","            'ajaxRequests'","          ],","          'DOM' : [","            'DOMqueries',","            'DOMqueriesById',","            'DOMqueriesByClassName',","            'DOMqueriesByTagName',","            'DOMqueriesByQuerySelectorAll',","            'DOMinserts',","            'DOMqueriesDuplicated'","          ],","          'HEADERS' : [","            'headersCount',","            'headersSentCount',","            'headersRecvCount',","            'headersSize',","            'headersSentSize',","            'headersRecvSize'","          ],","          'CACHING' : [","            'cacheHits',","            'cacheMisses',","            'cachePasses',","            'cachingNotSpecified',","            'cachingTooShort',","            'cachingDisabled'","          ],","          'COOKIES' : [","            'cookiesSent',","            'cookiesRecv',","            'domainsWithCookies',","            'documentCookiesLength',","            'documentCookiesCount'","          ],","          'COUNTS & SIZES' : [","            'contentLength',","            'bodySize',","            'htmlSize',","            'htmlCount',","            'cssSize',","            'cssCount',","            'jsSize',","            'jsCount',","            'jsonSize',","            'jsonCount',","            'imageSize',","            'imageCount',","            'webfontSize',","            'webfontCount',","            'base64Size',","            'base64Count',","            'otherCount',","            'otherSize'","          ],","          'JQUERY' : [","            'jQueryOnDOMReadyFunctions',","            'jQuerySizzleCalls'","          ]","        }","      } );","      var Phantomas = require(","                        './lib/phantomas'","                      );","","      // let's kick things off","      var phantomas = new Phantomas( grunt, options, done );","      phantomas.kickOff();","    }","  );","};",""],"l":{"11":1,"12":0,"16":0,"17":0,"149":0,"154":0,"155":0}}}